{"C:\\Users\\sonya\\Projects\\front-end\\CRM\\apps\\frontend\\src\\router.tsx": {"path":"C:\\Users\\sonya\\Projects\\front-end\\CRM\\apps\\frontend\\src\\router.tsx","statementMap":{"0":{"start":{"line":1,"column":0},"end":{"line":1,"column":60}},"1":{"start":{"line":2,"column":0},"end":{"line":2,"column":58}},"2":{"start":{"line":3,"column":0},"end":{"line":3,"column":52}},"3":{"start":{"line":4,"column":0},"end":{"line":4,"column":71}},"4":{"start":{"line":5,"column":0},"end":{"line":5,"column":52}},"5":{"start":{"line":6,"column":0},"end":{"line":6,"column":63}},"6":{"start":{"line":7,"column":0},"end":{"line":7,"column":40}},"7":{"start":{"line":8,"column":0},"end":{"line":8,"column":70}},"8":{"start":{"line":9,"column":0},"end":{"line":9,"column":78}},"9":{"start":{"line":10,"column":0},"end":{"line":10,"column":78}},"10":{"start":{"line":11,"column":0},"end":{"line":11,"column":65}},"11":{"start":{"line":12,"column":15},"end":{"line":51,"column":2}},"12":{"start":{"line":59,"column":9},"end":{"line":59,"column":15}},"13":{"start":{"line":53,"column":15},"end":{"line":53,"column":42}},"14":{"start":{"line":55,"column":25},"end":{"line":57,"column":1}},"15":{"start":{"line":56,"column":2},"end":{"line":56,"column":44}},"16":{"start":{"line":55,"column":13},"end":{"line":55,"column":25}},"17":{"start":{"line":60,"column":0},"end":{"line":60,"column":25}}},"fnMap":{"0":{"name":"(anonymous_1)","decl":{"start":{"line":55,"column":25},"end":{"line":55,"column":28}},"loc":{"start":{"line":55,"column":30},"end":{"line":57,"column":1}}}},"branchMap":{},"s":{"0":1,"1":1,"2":1,"3":1,"4":1,"5":1,"6":1,"7":1,"8":1,"9":1,"10":1,"11":1,"12":1,"13":1,"14":1,"15":0,"16":1,"17":1},"f":{"0":0},"b":{}}
,"C:\\Users\\sonya\\Projects\\front-end\\CRM\\apps\\frontend\\src\\components\\clients\\ChientChip\\ClientChip.tsx": {"path":"C:\\Users\\sonya\\Projects\\front-end\\CRM\\apps\\frontend\\src\\components\\clients\\ChientChip\\ClientChip.tsx","statementMap":{"0":{"start":{"line":1,"column":0},"end":{"line":1,"column":48}},"1":{"start":{"line":2,"column":0},"end":{"line":2,"column":38}},"2":{"start":{"line":3,"column":0},"end":{"line":3,"column":62}},"3":{"start":{"line":4,"column":0},"end":{"line":4,"column":71}},"4":{"start":{"line":6,"column":26},"end":{"line":16,"column":1}},"5":{"start":{"line":7,"column":39},"end":{"line":7,"column":65}},"6":{"start":{"line":9,"column":2},"end":{"line":9,"column":45}},"7":{"start":{"line":9,"column":17},"end":{"line":9,"column":45}},"8":{"start":{"line":11,"column":2},"end":{"line":11,"column":59}},"9":{"start":{"line":11,"column":15},"end":{"line":11,"column":59}},"10":{"start":{"line":13,"column":19},"end":{"line":13,"column":29}},"11":{"start":{"line":15,"column":2},"end":{"line":15,"column":51}},"12":{"start":{"line":6,"column":13},"end":{"line":6,"column":26}},"13":{"start":{"line":18,"column":0},"end":{"line":18,"column":26}}},"fnMap":{"0":{"name":"(anonymous_1)","decl":{"start":{"line":6,"column":26},"end":{"line":6,"column":27}},"loc":{"start":{"line":6,"column":65},"end":{"line":16,"column":1}}}},"branchMap":{"0":{"loc":{"start":{"line":9,"column":2},"end":{"line":9,"column":45}},"type":"if","locations":[{"start":{"line":9,"column":2},"end":{"line":9,"column":45}}]},"1":{"loc":{"start":{"line":11,"column":2},"end":{"line":11,"column":59}},"type":"if","locations":[{"start":{"line":11,"column":2},"end":{"line":11,"column":59}}]},"2":{"loc":{"start":{"line":13,"column":19},"end":{"line":13,"column":29}},"type":"binary-expr","locations":[{"start":{"line":13,"column":19},"end":{"line":13,"column":23}},{"start":{"line":13,"column":27},"end":{"line":13,"column":29}}]}},"s":{"0":1,"1":1,"2":1,"3":1,"4":1,"5":0,"6":0,"7":0,"8":0,"9":0,"10":0,"11":0,"12":1,"13":1},"f":{"0":0},"b":{"0":[0],"1":[0],"2":[0,0]}}
,"C:\\Users\\sonya\\Projects\\front-end\\CRM\\apps\\frontend\\src\\components\\clients\\ChientChip\\index.ts": {"path":"C:\\Users\\sonya\\Projects\\front-end\\CRM\\apps\\frontend\\src\\components\\clients\\ChientChip\\index.ts","statementMap":{"0":{"start":{"line":1,"column":0},"end":{"line":1,"column":29}}},"fnMap":{},"branchMap":{},"s":{"0":1},"f":{},"b":{}}
,"C:\\Users\\sonya\\Projects\\front-end\\CRM\\apps\\frontend\\src\\components\\clients\\ClientTable\\ClientTable.tsx": {"path":"C:\\Users\\sonya\\Projects\\front-end\\CRM\\apps\\frontend\\src\\components\\clients\\ClientTable\\ClientTable.tsx","statementMap":{"0":{"start":{"line":1,"column":0},"end":{"line":1,"column":48}},"1":{"start":{"line":2,"column":0},"end":{"line":2,"column":58}},"2":{"start":{"line":3,"column":0},"end":{"line":3,"column":null}},"3":{"start":{"line":11,"column":0},"end":{"line":11,"column":59}},"4":{"start":{"line":12,"column":0},"end":{"line":12,"column":37}},"5":{"start":{"line":13,"column":0},"end":{"line":13,"column":65}},"6":{"start":{"line":14,"column":0},"end":{"line":14,"column":70}},"7":{"start":{"line":15,"column":0},"end":{"line":15,"column":57}},"8":{"start":{"line":16,"column":0},"end":{"line":16,"column":49}},"9":{"start":{"line":17,"column":0},"end":{"line":17,"column":null}},"10":{"start":{"line":21,"column":0},"end":{"line":21,"column":47}},"11":{"start":{"line":29,"column":49},"end":{"line":183,"column":1}},"12":{"start":{"line":32,"column":26},"end":{"line":32,"column":37}},"13":{"start":{"line":33,"column":42},"end":{"line":33,"column":57}},"14":{"start":{"line":35,"column":39},"end":{"line":35,"column":58}},"15":{"start":{"line":36,"column":46},"end":{"line":36,"column":63}},"16":{"start":{"line":38,"column":34},"end":{"line":38,"column":44}},"17":{"start":{"line":40,"column":19},"end":{"line":49,"column":3}},"18":{"start":{"line":41,"column":4},"end":{"line":48,"column":6}},"19":{"start":{"line":45,"column":10},"end":{"line":45,"column":32}},"20":{"start":{"line":51,"column":22},"end":{"line":53,"column":3}},"21":{"start":{"line":52,"column":4},"end":{"line":52,"column":27}},"22":{"start":{"line":58,"column":21},"end":{"line":68,"column":3}},"23":{"start":{"line":59,"column":21},"end":{"line":59,"column":34}},"24":{"start":{"line":60,"column":4},"end":{"line":67,"column":6}},"25":{"start":{"line":63,"column":23},"end":{"line":63,"column":55}},"26":{"start":{"line":73,"column":21},"end":{"line":79,"column":3}},"27":{"start":{"line":74,"column":4},"end":{"line":78,"column":6}},"28":{"start":{"line":75,"column":49},"end":{"line":75,"column":65}},"29":{"start":{"line":84,"column":23},"end":{"line":97,"column":3}},"30":{"start":{"line":91,"column":4},"end":{"line":96,"column":6}},"31":{"start":{"line":94,"column":24},"end":{"line":94,"column":52}},"32":{"start":{"line":99,"column":18},"end":{"line":125,"column":4}},"33":{"start":{"line":105,"column":8},"end":{"line":105,"column":48}},"34":{"start":{"line":114,"column":8},"end":{"line":114,"column":48}},"35":{"start":{"line":122,"column":8},"end":{"line":122,"column":74}},"36":{"start":{"line":127,"column":2},"end":{"line":140,"column":3}},"37":{"start":{"line":128,"column":4},"end":{"line":139,"column":6}},"38":{"start":{"line":142,"column":2},"end":{"line":144,"column":3}},"39":{"start":{"line":143,"column":4},"end":{"line":143,"column":26}},"40":{"start":{"line":146,"column":2},"end":{"line":182,"column":4}},"41":{"start":{"line":161,"column":10},"end":{"line":161,"column":47}},"42":{"start":{"line":29,"column":13},"end":{"line":29,"column":49}},"43":{"start":{"line":185,"column":0},"end":{"line":185,"column":27}}},"fnMap":{"0":{"name":"(anonymous_1)","decl":{"start":{"line":29,"column":49},"end":{"line":29,"column":50}},"loc":{"start":{"line":31,"column":23},"end":{"line":183,"column":1}}},"1":{"name":"(anonymous_2)","decl":{"start":{"line":40,"column":19},"end":{"line":40,"column":20}},"loc":{"start":{"line":40,"column":59},"end":{"line":49,"column":3}}},"2":{"name":"(anonymous_3)","decl":{"start":{"line":44,"column":17},"end":{"line":44,"column":20}},"loc":{"start":{"line":44,"column":22},"end":{"line":46,"column":9}}},"3":{"name":"(anonymous_4)","decl":{"start":{"line":51,"column":22},"end":{"line":51,"column":25}},"loc":{"start":{"line":51,"column":27},"end":{"line":53,"column":3}}},"4":{"name":"(anonymous_5)","decl":{"start":{"line":58,"column":21},"end":{"line":58,"column":22}},"loc":{"start":{"line":58,"column":60},"end":{"line":68,"column":3}}},"5":{"name":"(anonymous_6)","decl":{"start":{"line":63,"column":17},"end":{"line":63,"column":20}},"loc":{"start":{"line":63,"column":23},"end":{"line":63,"column":55}}},"6":{"name":"(anonymous_7)","decl":{"start":{"line":73,"column":21},"end":{"line":73,"column":22}},"loc":{"start":{"line":73,"column":60},"end":{"line":79,"column":3}}},"7":{"name":"(anonymous_8)","decl":{"start":{"line":75,"column":43},"end":{"line":75,"column":46}},"loc":{"start":{"line":75,"column":49},"end":{"line":75,"column":65}}},"8":{"name":"(anonymous_9)","decl":{"start":{"line":84,"column":23},"end":{"line":84,"column":24}},"loc":{"start":{"line":90,"column":7},"end":{"line":97,"column":3}}},"9":{"name":"(anonymous_10)","decl":{"start":{"line":94,"column":18},"end":{"line":94,"column":21}},"loc":{"start":{"line":94,"column":24},"end":{"line":94,"column":52}}},"10":{"name":"(anonymous_11)","decl":{"start":{"line":104,"column":18},"end":{"line":104,"column":19}},"loc":{"start":{"line":104,"column":54},"end":{"line":106,"column":7}}},"11":{"name":"(anonymous_12)","decl":{"start":{"line":113,"column":18},"end":{"line":113,"column":19}},"loc":{"start":{"line":113,"column":54},"end":{"line":115,"column":7}}},"12":{"name":"(anonymous_13)","decl":{"start":{"line":121,"column":18},"end":{"line":121,"column":19}},"loc":{"start":{"line":121,"column":54},"end":{"line":123,"column":7}}},"13":{"name":"(anonymous_14)","decl":{"start":{"line":160,"column":33},"end":{"line":160,"column":34}},"loc":{"start":{"line":160,"column":74},"end":{"line":162,"column":9}}}},"branchMap":{"0":{"loc":{"start":{"line":38,"column":34},"end":{"line":38,"column":44}},"type":"binary-expr","locations":[{"start":{"line":38,"column":34},"end":{"line":38,"column":38}},{"start":{"line":38,"column":42},"end":{"line":38,"column":44}}]},"1":{"loc":{"start":{"line":127,"column":2},"end":{"line":140,"column":3}},"type":"if","locations":[{"start":{"line":127,"column":2},"end":{"line":140,"column":3}}]},"2":{"loc":{"start":{"line":142,"column":2},"end":{"line":144,"column":3}},"type":"if","locations":[{"start":{"line":142,"column":2},"end":{"line":144,"column":3}}]},"3":{"loc":{"start":{"line":149,"column":17},"end":{"line":149,"column":39}},"type":"binary-expr","locations":[{"start":{"line":149,"column":17},"end":{"line":149,"column":26}},{"start":{"line":149,"column":30},"end":{"line":149,"column":39}}]},"4":{"loc":{"start":{"line":150,"column":14},"end":{"line":150,"column":27}},"type":"binary-expr","locations":[{"start":{"line":150,"column":14},"end":{"line":150,"column":21}},{"start":{"line":150,"column":25},"end":{"line":150,"column":27}}]},"5":{"loc":{"start":{"line":158,"column":18},"end":{"line":158,"column":33}},"type":"binary-expr","locations":[{"start":{"line":158,"column":18},"end":{"line":158,"column":28}},{"start":{"line":158,"column":32},"end":{"line":158,"column":33}}]}},"s":{"0":1,"1":1,"2":1,"3":1,"4":1,"5":1,"6":1,"7":1,"8":1,"9":1,"10":1,"11":1,"12":0,"13":0,"14":0,"15":0,"16":0,"17":0,"18":0,"19":0,"20":0,"21":0,"22":0,"23":0,"24":0,"25":0,"26":0,"27":0,"28":0,"29":0,"30":0,"31":0,"32":0,"33":0,"34":0,"35":0,"36":0,"37":0,"38":0,"39":0,"40":0,"41":0,"42":1,"43":1},"f":{"0":0,"1":0,"2":0,"3":0,"4":0,"5":0,"6":0,"7":0,"8":0,"9":0,"10":0,"11":0,"12":0,"13":0},"b":{"0":[0,0],"1":[0],"2":[0],"3":[0,0],"4":[0,0],"5":[0,0]}}
,"C:\\Users\\sonya\\Projects\\front-end\\CRM\\apps\\frontend\\src\\components\\clients\\ClientTable\\ClientTable.types.tsx": {"path":"C:\\Users\\sonya\\Projects\\front-end\\CRM\\apps\\frontend\\src\\components\\clients\\ClientTable\\ClientTable.types.tsx","statementMap":{"0":{"start":{"line":5,"column":13},"end":{"line":46,"column":2}},"1":{"start":{"line":49,"column":13},"end":{"line":52,"column":2}}},"fnMap":{},"branchMap":{},"s":{"0":1,"1":1},"f":{},"b":{}}
,"C:\\Users\\sonya\\Projects\\front-end\\CRM\\apps\\frontend\\src\\components\\clients\\EditClientModal\\EditClientModal.tsx": {"path":"C:\\Users\\sonya\\Projects\\front-end\\CRM\\apps\\frontend\\src\\components\\clients\\EditClientModal\\EditClientModal.tsx","statementMap":{"0":{"start":{"line":1,"column":0},"end":{"line":1,"column":null}},"1":{"start":{"line":12,"column":0},"end":{"line":12,"column":51}},"2":{"start":{"line":13,"column":0},"end":{"line":13,"column":69}},"3":{"start":{"line":14,"column":0},"end":{"line":14,"column":71}},"4":{"start":{"line":15,"column":0},"end":{"line":15,"column":70}},"5":{"start":{"line":16,"column":0},"end":{"line":16,"column":86}},"6":{"start":{"line":17,"column":0},"end":{"line":17,"column":71}},"7":{"start":{"line":26,"column":56},"end":{"line":249,"column":1}},"8":{"start":{"line":31,"column":31},"end":{"line":31,"column":57}},"9":{"start":{"line":32,"column":51},"end":{"line":32,"column":68}},"10":{"start":{"line":34,"column":4},"end":{"line":34,"column":38}},"11":{"start":{"line":35,"column":43},"end":{"line":35,"column":61}},"12":{"start":{"line":37,"column":66},"end":{"line":39,"column":4}},"13":{"start":{"line":41,"column":48},"end":{"line":41,"column":82}},"14":{"start":{"line":42,"column":50},"end":{"line":42,"column":74}},"15":{"start":{"line":44,"column":2},"end":{"line":46,"column":26}},"16":{"start":{"line":45,"column":4},"end":{"line":45,"column":22}},"17":{"start":{"line":48,"column":46},"end":{"line":60,"column":3}},"18":{"start":{"line":49,"column":4},"end":{"line":59,"column":6}},"19":{"start":{"line":53,"column":10},"end":{"line":53,"column":20}},"20":{"start":{"line":56,"column":10},"end":{"line":56,"column":57}},"21":{"start":{"line":62,"column":29},"end":{"line":65,"column":3}},"22":{"start":{"line":63,"column":4},"end":{"line":63,"column":32}},"23":{"start":{"line":64,"column":4},"end":{"line":64,"column":30}},"24":{"start":{"line":67,"column":30},"end":{"line":80,"column":3}},"25":{"start":{"line":68,"column":4},"end":{"line":79,"column":6}},"26":{"start":{"line":72,"column":10},"end":{"line":72,"column":37}},"27":{"start":{"line":73,"column":10},"end":{"line":73,"column":35}},"28":{"start":{"line":76,"column":10},"end":{"line":76,"column":58}},"29":{"start":{"line":82,"column":2},"end":{"line":82,"column":31}},"30":{"start":{"line":82,"column":19},"end":{"line":82,"column":31}},"31":{"start":{"line":84,"column":2},"end":{"line":248,"column":4}},"32":{"start":{"line":117,"column":16},"end":{"line":117,"column":null}},"33":{"start":{"line":126,"column":22},"end":{"line":131,"column":null}},"34":{"start":{"line":148,"column":18},"end":{"line":148,"column":null}},"35":{"start":{"line":150,"column":37},"end":{"line":150,"column":64}},"36":{"start":{"line":189,"column":25},"end":{"line":189,"column":51}},"37":{"start":{"line":212,"column":16},"end":{"line":212,"column":35}},"38":{"start":{"line":213,"column":16},"end":{"line":213,"column":53}},"39":{"start":{"line":218,"column":18},"end":{"line":218,"column":null}},"40":{"start":{"line":224,"column":24},"end":{"line":227,"column":27}},"41":{"start":{"line":236,"column":58},"end":{"line":236,"column":84}},"42":{"start":{"line":251,"column":0},"end":{"line":251,"column":31}}},"fnMap":{"0":{"name":"(anonymous_1)","decl":{"start":{"line":26,"column":56},"end":{"line":26,"column":57}},"loc":{"start":{"line":30,"column":5},"end":{"line":249,"column":1}}},"1":{"name":"(anonymous_2)","decl":{"start":{"line":44,"column":12},"end":{"line":44,"column":15}},"loc":{"start":{"line":44,"column":17},"end":{"line":46,"column":3}}},"2":{"name":"(anonymous_3)","decl":{"start":{"line":48,"column":46},"end":{"line":48,"column":47}},"loc":{"start":{"line":48,"column":55},"end":{"line":60,"column":3}}},"3":{"name":"(anonymous_4)","decl":{"start":{"line":52,"column":19},"end":{"line":52,"column":22}},"loc":{"start":{"line":52,"column":24},"end":{"line":54,"column":9}}},"4":{"name":"(anonymous_5)","decl":{"start":{"line":55,"column":17},"end":{"line":55,"column":18}},"loc":{"start":{"line":55,"column":27},"end":{"line":57,"column":9}}},"5":{"name":"(anonymous_6)","decl":{"start":{"line":62,"column":29},"end":{"line":62,"column":30}},"loc":{"start":{"line":62,"column":54},"end":{"line":65,"column":3}}},"6":{"name":"(anonymous_7)","decl":{"start":{"line":67,"column":30},"end":{"line":67,"column":31}},"loc":{"start":{"line":67,"column":59},"end":{"line":80,"column":3}}},"7":{"name":"(anonymous_8)","decl":{"start":{"line":71,"column":19},"end":{"line":71,"column":22}},"loc":{"start":{"line":71,"column":24},"end":{"line":74,"column":9}}},"8":{"name":"(anonymous_9)","decl":{"start":{"line":75,"column":17},"end":{"line":75,"column":18}},"loc":{"start":{"line":75,"column":27},"end":{"line":77,"column":9}}},"9":{"name":"(anonymous_10)","decl":{"start":{"line":116,"column":20},"end":{"line":116,"column":21}},"loc":{"start":{"line":117,"column":16},"end":{"line":117,"column":null}}},"10":{"name":"(anonymous_11)","decl":{"start":{"line":125,"column":28},"end":{"line":125,"column":29}},"loc":{"start":{"line":126,"column":22},"end":{"line":131,"column":null}}},"11":{"name":"(anonymous_12)","decl":{"start":{"line":147,"column":31},"end":{"line":147,"column":32}},"loc":{"start":{"line":148,"column":18},"end":{"line":148,"column":null}}},"12":{"name":"(anonymous_13)","decl":{"start":{"line":150,"column":31},"end":{"line":150,"column":34}},"loc":{"start":{"line":150,"column":37},"end":{"line":150,"column":64}}},"13":{"name":"(anonymous_14)","decl":{"start":{"line":189,"column":19},"end":{"line":189,"column":22}},"loc":{"start":{"line":189,"column":25},"end":{"line":189,"column":51}}},"14":{"name":"(anonymous_15)","decl":{"start":{"line":211,"column":24},"end":{"line":211,"column":25}},"loc":{"start":{"line":211,"column":30},"end":{"line":214,"column":15}}},"15":{"name":"(anonymous_16)","decl":{"start":{"line":217,"column":65},"end":{"line":217,"column":66}},"loc":{"start":{"line":218,"column":18},"end":{"line":218,"column":null}}},"16":{"name":"(anonymous_17)","decl":{"start":{"line":223,"column":32},"end":{"line":223,"column":33}},"loc":{"start":{"line":223,"column":38},"end":{"line":228,"column":23}}},"17":{"name":"(anonymous_18)","decl":{"start":{"line":236,"column":52},"end":{"line":236,"column":55}},"loc":{"start":{"line":236,"column":58},"end":{"line":236,"column":84}}}},"branchMap":{"0":{"loc":{"start":{"line":82,"column":2},"end":{"line":82,"column":31}},"type":"if","locations":[{"start":{"line":82,"column":2},"end":{"line":82,"column":31}}]},"1":{"loc":{"start":{"line":123,"column":31},"end":{"line":123,"column":92}},"type":"cond-expr","locations":[{"start":{"line":123,"column":41},"end":{"line":123,"column":80}},{"start":{"line":123,"column":83},"end":{"line":123,"column":92}}]},"2":{"loc":{"start":{"line":131,"column":36},"end":{"line":131,"column":91}},"type":"binary-expr","locations":[{"start":{"line":131,"column":36},"end":{"line":131,"column":77}},{"start":{"line":131,"column":81},"end":{"line":131,"column":91}}]},"3":{"loc":{"start":{"line":143,"column":13},"end":{"line":163,"column":null}},"type":"cond-expr","locations":[{"start":{"line":144,"column":14},"end":{"line":144,"column":58}},{"start":{"line":146,"column":14},"end":{"line":162,"column":null}}]},"4":{"loc":{"start":{"line":177,"column":11},"end":{"line":180,"column":null}},"type":"binary-expr","locations":[{"start":{"line":177,"column":11},"end":{"line":177,"column":18}},{"start":{"line":178,"column":12},"end":{"line":178,"column":null}}]},"5":{"loc":{"start":{"line":186,"column":7},"end":{"line":245,"column":null}},"type":"binary-expr","locations":[{"start":{"line":186,"column":7},"end":{"line":186,"column":22}},{"start":{"line":187,"column":8},"end":{"line":244,"column":null}}]}},"s":{"0":1,"1":1,"2":1,"3":1,"4":1,"5":1,"6":1,"7":1,"8":0,"9":0,"10":0,"11":0,"12":0,"13":0,"14":0,"15":0,"16":0,"17":0,"18":0,"19":0,"20":0,"21":0,"22":0,"23":0,"24":0,"25":0,"26":0,"27":0,"28":0,"29":0,"30":0,"31":0,"32":0,"33":0,"34":0,"35":0,"36":0,"37":0,"38":0,"39":0,"40":0,"41":0,"42":1},"f":{"0":0,"1":0,"2":0,"3":0,"4":0,"5":0,"6":0,"7":0,"8":0,"9":0,"10":0,"11":0,"12":0,"13":0,"14":0,"15":0,"16":0,"17":0},"b":{"0":[0],"1":[0,0],"2":[0,0],"3":[0,0],"4":[0,0],"5":[0,0]}}
,"C:\\Users\\sonya\\Projects\\front-end\\CRM\\apps\\frontend\\src\\components\\common\\Header.tsx": {"path":"C:\\Users\\sonya\\Projects\\front-end\\CRM\\apps\\frontend\\src\\components\\common\\Header.tsx","statementMap":{"0":{"start":{"line":1,"column":0},"end":{"line":1,"column":50}},"1":{"start":{"line":2,"column":0},"end":{"line":2,"column":48}},"2":{"start":{"line":3,"column":0},"end":{"line":3,"column":72}},"3":{"start":{"line":4,"column":0},"end":{"line":4,"column":50}},"4":{"start":{"line":13,"column":22},"end":{"line":63,"column":1}},"5":{"start":{"line":19,"column":2},"end":{"line":19,"column":29}},"6":{"start":{"line":19,"column":17},"end":{"line":19,"column":29}},"7":{"start":{"line":21,"column":2},"end":{"line":62,"column":4}},"8":{"start":{"line":28,"column":10},"end":{"line":28,"column":33}},"9":{"start":{"line":13,"column":13},"end":{"line":13,"column":22}},"10":{"start":{"line":65,"column":0},"end":{"line":65,"column":22}}},"fnMap":{"0":{"name":"(anonymous_1)","decl":{"start":{"line":13,"column":22},"end":{"line":13,"column":23}},"loc":{"start":{"line":18,"column":18},"end":{"line":63,"column":1}}},"1":{"name":"(anonymous_2)","decl":{"start":{"line":27,"column":16},"end":{"line":27,"column":17}},"loc":{"start":{"line":28,"column":10},"end":{"line":28,"column":33}}}},"branchMap":{"0":{"loc":{"start":{"line":19,"column":2},"end":{"line":19,"column":29}},"type":"if","locations":[{"start":{"line":19,"column":2},"end":{"line":19,"column":29}}]},"1":{"loc":{"start":{"line":29,"column":25},"end":{"line":29,"column":55}},"type":"cond-expr","locations":[{"start":{"line":29,"column":36},"end":{"line":29,"column":45}},{"start":{"line":29,"column":48},"end":{"line":29,"column":55}}]},"2":{"loc":{"start":{"line":30,"column":15},"end":{"line":30,"column":45}},"type":"cond-expr","locations":[{"start":{"line":30,"column":26},"end":{"line":30,"column":35}},{"start":{"line":30,"column":38},"end":{"line":30,"column":45}}]},"3":{"loc":{"start":{"line":35,"column":9},"end":{"line":55,"column":null}},"type":"binary-expr","locations":[{"start":{"line":35,"column":9},"end":{"line":35,"column":17}},{"start":{"line":36,"column":10},"end":{"line":54,"column":null}}]},"4":{"loc":{"start":{"line":42,"column":31},"end":{"line":42,"column":67}},"type":"binary-expr","locations":[{"start":{"line":42,"column":31},"end":{"line":42,"column":44}},{"start":{"line":42,"column":48},"end":{"line":42,"column":67}}]},"5":{"loc":{"start":{"line":51,"column":36},"end":{"line":51,"column":68}},"type":"cond-expr","locations":[{"start":{"line":51,"column":52},"end":{"line":51,"column":59}},{"start":{"line":51,"column":62},"end":{"line":51,"column":68}}]}},"s":{"0":1,"1":1,"2":1,"3":1,"4":1,"5":5,"6":5,"7":0,"8":0,"9":1,"10":1},"f":{"0":5,"1":0},"b":{"0":[5],"1":[0,0],"2":[0,0],"3":[0,0],"4":[0,0],"5":[0,0]}}
,"C:\\Users\\sonya\\Projects\\front-end\\CRM\\apps\\frontend\\src\\components\\common\\SideBar.tsx": {"path":"C:\\Users\\sonya\\Projects\\front-end\\CRM\\apps\\frontend\\src\\components\\common\\SideBar.tsx","statementMap":{"0":{"start":{"line":1,"column":0},"end":{"line":1,"column":58}},"1":{"start":{"line":2,"column":0},"end":{"line":2,"column":null}},"2":{"start":{"line":12,"column":0},"end":{"line":12,"column":53}},"3":{"start":{"line":13,"column":0},"end":{"line":13,"column":38}},"4":{"start":{"line":14,"column":0},"end":{"line":14,"column":50}},"5":{"start":{"line":23,"column":23},"end":{"line":109,"column":1}},"6":{"start":{"line":29,"column":19},"end":{"line":29,"column":32}},"7":{"start":{"line":31,"column":2},"end":{"line":108,"column":4}},"8":{"start":{"line":63,"column":35},"end":{"line":63,"column":45}},"9":{"start":{"line":65,"column":12},"end":{"line":66,"column":null}},"10":{"start":{"line":69,"column":29},"end":{"line":69,"column":52}},"11":{"start":{"line":73,"column":17},"end":{"line":74,"column":68}},"12":{"start":{"line":79,"column":17},"end":{"line":80,"column":72}},"13":{"start":{"line":23,"column":13},"end":{"line":23,"column":23}},"14":{"start":{"line":111,"column":0},"end":{"line":111,"column":23}}},"fnMap":{"0":{"name":"(anonymous_1)","decl":{"start":{"line":23,"column":23},"end":{"line":23,"column":24}},"loc":{"start":{"line":28,"column":19},"end":{"line":109,"column":1}}},"1":{"name":"(anonymous_2)","decl":{"start":{"line":63,"column":18},"end":{"line":63,"column":19}},"loc":{"start":{"line":63,"column":35},"end":{"line":63,"column":45}}},"2":{"name":"(anonymous_3)","decl":{"start":{"line":64,"column":15},"end":{"line":64,"column":16}},"loc":{"start":{"line":65,"column":12},"end":{"line":66,"column":null}}},"3":{"name":"(anonymous_4)","decl":{"start":{"line":69,"column":23},"end":{"line":69,"column":26}},"loc":{"start":{"line":69,"column":29},"end":{"line":69,"column":52}}},"4":{"name":"(anonymous_5)","decl":{"start":{"line":70,"column":28},"end":{"line":70,"column":29}},"loc":{"start":{"line":73,"column":17},"end":{"line":74,"column":68}}},"5":{"name":"(anonymous_6)","decl":{"start":{"line":76,"column":28},"end":{"line":76,"column":29}},"loc":{"start":{"line":79,"column":17},"end":{"line":80,"column":72}}}},"branchMap":{"0":{"loc":{"start":{"line":33,"column":15},"end":{"line":33,"column":51}},"type":"cond-expr","locations":[{"start":{"line":33,"column":26},"end":{"line":33,"column":37}},{"start":{"line":33,"column":40},"end":{"line":33,"column":51}}]},"1":{"loc":{"start":{"line":34,"column":12},"end":{"line":34,"column":43}},"type":"cond-expr","locations":[{"start":{"line":34,"column":23},"end":{"line":34,"column":36}},{"start":{"line":34,"column":39},"end":{"line":34,"column":43}}]},"2":{"loc":{"start":{"line":74,"column":18},"end":{"line":74,"column":68}},"type":"cond-expr","locations":[{"start":{"line":74,"column":47},"end":{"line":74,"column":56}},{"start":{"line":74,"column":59},"end":{"line":74,"column":68}}]},"3":{"loc":{"start":{"line":80,"column":18},"end":{"line":80,"column":72}},"type":"cond-expr","locations":[{"start":{"line":80,"column":47},"end":{"line":80,"column":56}},{"start":{"line":80,"column":59},"end":{"line":80,"column":72}}]},"4":{"loc":{"start":{"line":84,"column":18},"end":{"line":84,"column":68}},"type":"cond-expr","locations":[{"start":{"line":84,"column":47},"end":{"line":84,"column":56}},{"start":{"line":84,"column":59},"end":{"line":84,"column":68}}]},"5":{"loc":{"start":{"line":93,"column":15},"end":{"line":94,"column":null}},"type":"binary-expr","locations":[{"start":{"line":93,"column":15},"end":{"line":93,"column":19}},{"start":{"line":94,"column":16},"end":{"line":94,"column":77}}]}},"s":{"0":1,"1":1,"2":1,"3":1,"4":1,"5":1,"6":5,"7":5,"8":35,"9":15,"10":0,"11":0,"12":0,"13":1,"14":1},"f":{"0":5,"1":35,"2":15,"3":0,"4":0,"5":0},"b":{"0":[0,5],"1":[0,5],"2":[0,0],"3":[0,0],"4":[5,10],"5":[15,15]}}
,"C:\\Users\\sonya\\Projects\\front-end\\CRM\\apps\\frontend\\src\\components\\common\\alerts\\ErrorAlert.tsx": {"path":"C:\\Users\\sonya\\Projects\\front-end\\CRM\\apps\\frontend\\src\\components\\common\\alerts\\ErrorAlert.tsx","statementMap":{"0":{"start":{"line":1,"column":0},"end":{"line":1,"column":50}},"1":{"start":{"line":8,"column":26},"end":{"line":18,"column":1}},"2":{"start":{"line":12,"column":2},"end":{"line":17,"column":4}},"3":{"start":{"line":8,"column":13},"end":{"line":8,"column":26}},"4":{"start":{"line":20,"column":0},"end":{"line":20,"column":26}}},"fnMap":{"0":{"name":"(anonymous_0)","decl":{"start":{"line":8,"column":26},"end":{"line":8,"column":27}},"loc":{"start":{"line":11,"column":22},"end":{"line":18,"column":1}}}},"branchMap":{"0":{"loc":{"start":{"line":9,"column":2},"end":{"line":9,"column":32}},"type":"default-arg","locations":[{"start":{"line":9,"column":10},"end":{"line":9,"column":32}}]},"1":{"loc":{"start":{"line":10,"column":2},"end":{"line":10,"column":90}},"type":"default-arg","locations":[{"start":{"line":10,"column":16},"end":{"line":10,"column":90}}]}},"s":{"0":1,"1":1,"2":4,"3":1,"4":1},"f":{"0":4},"b":{"0":[4],"1":[4]}}
,"C:\\Users\\sonya\\Projects\\front-end\\CRM\\apps\\frontend\\src\\components\\common\\alerts\\index.ts": {"path":"C:\\Users\\sonya\\Projects\\front-end\\CRM\\apps\\frontend\\src\\components\\common\\alerts\\index.ts","statementMap":{"0":{"start":{"line":1,"column":0},"end":{"line":1,"column":29}}},"fnMap":{},"branchMap":{},"s":{"0":1},"f":{},"b":{}}
,"C:\\Users\\sonya\\Projects\\front-end\\CRM\\apps\\frontend\\src\\components\\followUps\\ContactChip\\ContactChip.tsx": {"path":"C:\\Users\\sonya\\Projects\\front-end\\CRM\\apps\\frontend\\src\\components\\followUps\\ContactChip\\ContactChip.tsx","statementMap":{"0":{"start":{"line":1,"column":0},"end":{"line":1,"column":48}},"1":{"start":{"line":2,"column":0},"end":{"line":2,"column":38}},"2":{"start":{"line":3,"column":0},"end":{"line":3,"column":62}},"3":{"start":{"line":4,"column":0},"end":{"line":4,"column":73}},"4":{"start":{"line":6,"column":27},"end":{"line":16,"column":1}},"5":{"start":{"line":7,"column":39},"end":{"line":7,"column":67}},"6":{"start":{"line":9,"column":2},"end":{"line":9,"column":45}},"7":{"start":{"line":9,"column":17},"end":{"line":9,"column":45}},"8":{"start":{"line":11,"column":2},"end":{"line":11,"column":59}},"9":{"start":{"line":11,"column":15},"end":{"line":11,"column":59}},"10":{"start":{"line":13,"column":24},"end":{"line":13,"column":34}},"11":{"start":{"line":15,"column":2},"end":{"line":15,"column":56}},"12":{"start":{"line":6,"column":13},"end":{"line":6,"column":27}},"13":{"start":{"line":18,"column":0},"end":{"line":18,"column":27}}},"fnMap":{"0":{"name":"(anonymous_1)","decl":{"start":{"line":6,"column":27},"end":{"line":6,"column":28}},"loc":{"start":{"line":6,"column":68},"end":{"line":16,"column":1}}}},"branchMap":{"0":{"loc":{"start":{"line":9,"column":2},"end":{"line":9,"column":45}},"type":"if","locations":[{"start":{"line":9,"column":2},"end":{"line":9,"column":45}}]},"1":{"loc":{"start":{"line":11,"column":2},"end":{"line":11,"column":59}},"type":"if","locations":[{"start":{"line":11,"column":2},"end":{"line":11,"column":59}}]},"2":{"loc":{"start":{"line":13,"column":24},"end":{"line":13,"column":34}},"type":"binary-expr","locations":[{"start":{"line":13,"column":24},"end":{"line":13,"column":28}},{"start":{"line":13,"column":32},"end":{"line":13,"column":34}}]}},"s":{"0":1,"1":1,"2":1,"3":1,"4":1,"5":0,"6":0,"7":0,"8":0,"9":0,"10":0,"11":0,"12":1,"13":1},"f":{"0":0},"b":{"0":[0],"1":[0],"2":[0,0]}}
,"C:\\Users\\sonya\\Projects\\front-end\\CRM\\apps\\frontend\\src\\components\\followUps\\ContactChip\\index.ts": {"path":"C:\\Users\\sonya\\Projects\\front-end\\CRM\\apps\\frontend\\src\\components\\followUps\\ContactChip\\index.ts","statementMap":{"0":{"start":{"line":1,"column":0},"end":{"line":1,"column":30}}},"fnMap":{},"branchMap":{},"s":{"0":1},"f":{},"b":{}}
,"C:\\Users\\sonya\\Projects\\front-end\\CRM\\apps\\frontend\\src\\components\\followUps\\ContactTypeChip\\ContactTypeChip.tsx": {"path":"C:\\Users\\sonya\\Projects\\front-end\\CRM\\apps\\frontend\\src\\components\\followUps\\ContactTypeChip\\ContactTypeChip.tsx","statementMap":{"0":{"start":{"line":1,"column":0},"end":{"line":1,"column":61}},"1":{"start":{"line":2,"column":0},"end":{"line":2,"column":38}},"2":{"start":{"line":11,"column":4},"end":{"line":15,"column":2}},"3":{"start":{"line":17,"column":31},"end":{"line":19,"column":1}},"4":{"start":{"line":18,"column":2},"end":{"line":18,"column":68}},"5":{"start":{"line":17,"column":13},"end":{"line":17,"column":31}},"6":{"start":{"line":21,"column":0},"end":{"line":21,"column":31}}},"fnMap":{"0":{"name":"(anonymous_1)","decl":{"start":{"line":17,"column":31},"end":{"line":17,"column":32}},"loc":{"start":{"line":17,"column":73},"end":{"line":19,"column":1}}}},"branchMap":{},"s":{"0":1,"1":1,"2":1,"3":1,"4":0,"5":1,"6":1},"f":{"0":0},"b":{}}
,"C:\\Users\\sonya\\Projects\\front-end\\CRM\\apps\\frontend\\src\\components\\followUps\\ContactTypeChip\\index.ts": {"path":"C:\\Users\\sonya\\Projects\\front-end\\CRM\\apps\\frontend\\src\\components\\followUps\\ContactTypeChip\\index.ts","statementMap":{"0":{"start":{"line":1,"column":0},"end":{"line":1,"column":34}}},"fnMap":{},"branchMap":{},"s":{"0":1},"f":{},"b":{}}
,"C:\\Users\\sonya\\Projects\\front-end\\CRM\\apps\\frontend\\src\\components\\followUps\\CreateFollowUps\\CreateFollowUps.tsx": {"path":"C:\\Users\\sonya\\Projects\\front-end\\CRM\\apps\\frontend\\src\\components\\followUps\\CreateFollowUps\\CreateFollowUps.tsx","statementMap":{"0":{"start":{"line":1,"column":0},"end":{"line":1,"column":41}},"1":{"start":{"line":2,"column":0},"end":{"line":2,"column":null}},"2":{"start":{"line":11,"column":0},"end":{"line":11,"column":54}},"3":{"start":{"line":12,"column":0},"end":{"line":12,"column":79}},"4":{"start":{"line":13,"column":0},"end":{"line":13,"column":86}},"5":{"start":{"line":14,"column":0},"end":{"line":14,"column":75}},"6":{"start":{"line":16,"column":0},"end":{"line":16,"column":52}},"7":{"start":{"line":25,"column":64},"end":{"line":247,"column":1}},"8":{"start":{"line":31,"column":33},"end":{"line":31,"column":67}},"9":{"start":{"line":32,"column":53},"end":{"line":32,"column":72}},"10":{"start":{"line":39,"column":6},"end":{"line":52,"column":4}},"11":{"start":{"line":54,"column":2},"end":{"line":58,"column":20}},"12":{"start":{"line":55,"column":4},"end":{"line":57,"column":5}},"13":{"start":{"line":56,"column":6},"end":{"line":56,"column":14}},"14":{"start":{"line":60,"column":19},"end":{"line":80,"column":3}},"15":{"start":{"line":66,"column":43},"end":{"line":71,"column":6}},"16":{"start":{"line":73,"column":4},"end":{"line":79,"column":7}},"17":{"start":{"line":75,"column":8},"end":{"line":75,"column":18}},"18":{"start":{"line":78,"column":8},"end":{"line":78,"column":57}},"19":{"start":{"line":82,"column":2},"end":{"line":246,"column":4}},"20":{"start":{"line":113,"column":20},"end":{"line":128,"column":null}},"21":{"start":{"line":125,"column":24},"end":{"line":125,"column":45}},"22":{"start":{"line":141,"column":20},"end":{"line":148,"column":null}},"23":{"start":{"line":166,"column":20},"end":{"line":182,"column":null}},"24":{"start":{"line":176,"column":26},"end":{"line":176,"column":53}},"25":{"start":{"line":194,"column":20},"end":{"line":199,"column":null}},"26":{"start":{"line":211,"column":20},"end":{"line":216,"column":null}},"27":{"start":{"line":249,"column":0},"end":{"line":249,"column":35}}},"fnMap":{"0":{"name":"(anonymous_1)","decl":{"start":{"line":25,"column":64},"end":{"line":25,"column":65}},"loc":{"start":{"line":30,"column":5},"end":{"line":247,"column":1}}},"1":{"name":"(anonymous_2)","decl":{"start":{"line":54,"column":12},"end":{"line":54,"column":15}},"loc":{"start":{"line":54,"column":17},"end":{"line":58,"column":3}}},"2":{"name":"(anonymous_3)","decl":{"start":{"line":60,"column":19},"end":{"line":60,"column":null}},"loc":{"start":{"line":65,"column":6},"end":{"line":80,"column":3}}},"3":{"name":"(anonymous_4)","decl":{"start":{"line":74,"column":17},"end":{"line":74,"column":20}},"loc":{"start":{"line":74,"column":22},"end":{"line":76,"column":7}}},"4":{"name":"(anonymous_5)","decl":{"start":{"line":77,"column":15},"end":{"line":77,"column":16}},"loc":{"start":{"line":78,"column":8},"end":{"line":78,"column":57}}},"5":{"name":"(anonymous_6)","decl":{"start":{"line":112,"column":26},"end":{"line":112,"column":27}},"loc":{"start":{"line":113,"column":20},"end":{"line":128,"column":null}}},"6":{"name":"(anonymous_7)","decl":{"start":{"line":124,"column":54},"end":{"line":124,"column":55}},"loc":{"start":{"line":125,"column":24},"end":{"line":125,"column":45}}},"7":{"name":"(anonymous_8)","decl":{"start":{"line":140,"column":26},"end":{"line":140,"column":27}},"loc":{"start":{"line":141,"column":20},"end":{"line":148,"column":null}}},"8":{"name":"(anonymous_9)","decl":{"start":{"line":165,"column":26},"end":{"line":165,"column":27}},"loc":{"start":{"line":166,"column":20},"end":{"line":182,"column":null}}},"9":{"name":"(anonymous_10)","decl":{"start":{"line":175,"column":41},"end":{"line":175,"column":42}},"loc":{"start":{"line":176,"column":26},"end":{"line":176,"column":53}}},"10":{"name":"(anonymous_11)","decl":{"start":{"line":193,"column":26},"end":{"line":193,"column":27}},"loc":{"start":{"line":194,"column":20},"end":{"line":199,"column":null}}},"11":{"name":"(anonymous_12)","decl":{"start":{"line":210,"column":26},"end":{"line":210,"column":27}},"loc":{"start":{"line":211,"column":20},"end":{"line":216,"column":null}}}},"branchMap":{"0":{"loc":{"start":{"line":55,"column":4},"end":{"line":57,"column":5}},"type":"if","locations":[{"start":{"line":55,"column":4},"end":{"line":57,"column":5}}]},"1":{"loc":{"start":{"line":161,"column":22},"end":{"line":163,"column":31}},"type":"cond-expr","locations":[{"start":{"line":162,"column":26},"end":{"line":162,"column":50}},{"start":{"line":163,"column":26},"end":{"line":163,"column":31}}]},"2":{"loc":{"start":{"line":161,"column":22},"end":{"line":161,"column":61}},"type":"binary-expr","locations":[{"start":{"line":161,"column":22},"end":{"line":161,"column":34}},{"start":{"line":161,"column":38},"end":{"line":161,"column":61}}]},"3":{"loc":{"start":{"line":174,"column":23},"end":{"line":181,"column":null}},"type":"cond-expr","locations":[{"start":{"line":175,"column":24},"end":{"line":179,"column":26}},{"start":{"line":181,"column":24},"end":{"line":181,"column":75}}]},"4":{"loc":{"start":{"line":174,"column":23},"end":{"line":174,"column":62}},"type":"binary-expr","locations":[{"start":{"line":174,"column":23},"end":{"line":174,"column":35}},{"start":{"line":174,"column":39},"end":{"line":174,"column":62}}]},"5":{"loc":{"start":{"line":237,"column":13},"end":{"line":240,"column":null}},"type":"binary-expr","locations":[{"start":{"line":237,"column":13},"end":{"line":237,"column":20}},{"start":{"line":238,"column":14},"end":{"line":238,"column":null}}]}},"s":{"0":1,"1":1,"2":1,"3":1,"4":1,"5":1,"6":1,"7":1,"8":0,"9":0,"10":0,"11":0,"12":0,"13":0,"14":0,"15":0,"16":0,"17":0,"18":0,"19":0,"20":0,"21":0,"22":0,"23":0,"24":0,"25":0,"26":0,"27":1},"f":{"0":0,"1":0,"2":0,"3":0,"4":0,"5":0,"6":0,"7":0,"8":0,"9":0,"10":0,"11":0},"b":{"0":[0],"1":[0,0],"2":[0,0],"3":[0,0],"4":[0,0],"5":[0,0]}}
,"C:\\Users\\sonya\\Projects\\front-end\\CRM\\apps\\frontend\\src\\components\\followUps\\FollowUpsTable\\FollowUpsTable.tsx": {"path":"C:\\Users\\sonya\\Projects\\front-end\\CRM\\apps\\frontend\\src\\components\\followUps\\FollowUpsTable\\FollowUpsTable.tsx","statementMap":{"0":{"start":{"line":1,"column":0},"end":{"line":1,"column":66}},"1":{"start":{"line":2,"column":0},"end":{"line":2,"column":48}},"2":{"start":{"line":3,"column":0},"end":{"line":3,"column":58}},"3":{"start":{"line":4,"column":0},"end":{"line":4,"column":null}},"4":{"start":{"line":17,"column":0},"end":{"line":17,"column":59}},"5":{"start":{"line":18,"column":0},"end":{"line":18,"column":37}},"6":{"start":{"line":19,"column":0},"end":{"line":19,"column":70}},"7":{"start":{"line":20,"column":0},"end":{"line":20,"column":74}},"8":{"start":{"line":21,"column":0},"end":{"line":21,"column":49}},"9":{"start":{"line":22,"column":0},"end":{"line":22,"column":null}},"10":{"start":{"line":33,"column":55},"end":{"line":219,"column":1}},"11":{"start":{"line":42,"column":6},"end":{"line":42,"column":36}},"12":{"start":{"line":44,"column":42},"end":{"line":44,"column":57}},"13":{"start":{"line":45,"column":52},"end":{"line":45,"column":67}},"14":{"start":{"line":46,"column":54},"end":{"line":46,"column":83}},"15":{"start":{"line":48,"column":48},"end":{"line":48,"column":67}},"16":{"start":{"line":50,"column":19},"end":{"line":64,"column":3}},"17":{"start":{"line":51,"column":4},"end":{"line":63,"column":6}},"18":{"start":{"line":55,"column":10},"end":{"line":55,"column":32}},"19":{"start":{"line":59,"column":10},"end":{"line":59,"column":38}},"20":{"start":{"line":60,"column":10},"end":{"line":60,"column":38}},"21":{"start":{"line":66,"column":28},"end":{"line":69,"column":3}},"22":{"start":{"line":67,"column":4},"end":{"line":67,"column":38}},"23":{"start":{"line":68,"column":4},"end":{"line":68,"column":31}},"24":{"start":{"line":71,"column":30},"end":{"line":75,"column":3}},"25":{"start":{"line":72,"column":4},"end":{"line":74,"column":5}},"26":{"start":{"line":73,"column":6},"end":{"line":73,"column":35}},"27":{"start":{"line":77,"column":28},"end":{"line":80,"column":3}},"28":{"start":{"line":78,"column":4},"end":{"line":78,"column":32}},"29":{"start":{"line":79,"column":4},"end":{"line":79,"column":32}},"30":{"start":{"line":82,"column":30},"end":{"line":84,"column":3}},"31":{"start":{"line":83,"column":4},"end":{"line":83,"column":27}},"32":{"start":{"line":89,"column":21},"end":{"line":95,"column":3}},"33":{"start":{"line":90,"column":4},"end":{"line":94,"column":6}},"34":{"start":{"line":91,"column":49},"end":{"line":91,"column":69}},"35":{"start":{"line":100,"column":21},"end":{"line":106,"column":3}},"36":{"start":{"line":101,"column":4},"end":{"line":105,"column":6}},"37":{"start":{"line":102,"column":49},"end":{"line":102,"column":67}},"38":{"start":{"line":111,"column":23},"end":{"line":117,"column":3}},"39":{"start":{"line":112,"column":4},"end":{"line":116,"column":6}},"40":{"start":{"line":113,"column":47},"end":{"line":113,"column":76}},"41":{"start":{"line":119,"column":18},"end":{"line":145,"column":4}},"42":{"start":{"line":125,"column":8},"end":{"line":125,"column":50}},"43":{"start":{"line":134,"column":8},"end":{"line":134,"column":50}},"44":{"start":{"line":142,"column":8},"end":{"line":142,"column":52}},"45":{"start":{"line":147,"column":2},"end":{"line":160,"column":3}},"46":{"start":{"line":148,"column":4},"end":{"line":159,"column":6}},"47":{"start":{"line":162,"column":2},"end":{"line":164,"column":3}},"48":{"start":{"line":163,"column":4},"end":{"line":163,"column":26}},"49":{"start":{"line":166,"column":2},"end":{"line":218,"column":4}},"50":{"start":{"line":33,"column":13},"end":{"line":33,"column":55}},"51":{"start":{"line":221,"column":0},"end":{"line":221,"column":30}}},"fnMap":{"0":{"name":"(anonymous_1)","decl":{"start":{"line":33,"column":55},"end":{"line":33,"column":56}},"loc":{"start":{"line":37,"column":26},"end":{"line":219,"column":1}}},"1":{"name":"(anonymous_2)","decl":{"start":{"line":50,"column":19},"end":{"line":50,"column":20}},"loc":{"start":{"line":50,"column":42},"end":{"line":64,"column":3}}},"2":{"name":"(anonymous_3)","decl":{"start":{"line":54,"column":17},"end":{"line":54,"column":20}},"loc":{"start":{"line":54,"column":22},"end":{"line":56,"column":9}}},"3":{"name":"(anonymous_4)","decl":{"start":{"line":57,"column":19},"end":{"line":57,"column":22}},"loc":{"start":{"line":57,"column":24},"end":{"line":61,"column":9}}},"4":{"name":"(anonymous_5)","decl":{"start":{"line":66,"column":28},"end":{"line":66,"column":29}},"loc":{"start":{"line":66,"column":51},"end":{"line":69,"column":3}}},"5":{"name":"(anonymous_6)","decl":{"start":{"line":71,"column":30},"end":{"line":71,"column":33}},"loc":{"start":{"line":71,"column":35},"end":{"line":75,"column":3}}},"6":{"name":"(anonymous_7)","decl":{"start":{"line":77,"column":28},"end":{"line":77,"column":31}},"loc":{"start":{"line":77,"column":33},"end":{"line":80,"column":3}}},"7":{"name":"(anonymous_8)","decl":{"start":{"line":82,"column":30},"end":{"line":82,"column":33}},"loc":{"start":{"line":82,"column":35},"end":{"line":84,"column":3}}},"8":{"name":"(anonymous_9)","decl":{"start":{"line":89,"column":21},"end":{"line":89,"column":22}},"loc":{"start":{"line":89,"column":64},"end":{"line":95,"column":3}}},"9":{"name":"(anonymous_10)","decl":{"start":{"line":91,"column":43},"end":{"line":91,"column":46}},"loc":{"start":{"line":91,"column":49},"end":{"line":91,"column":69}}},"10":{"name":"(anonymous_11)","decl":{"start":{"line":100,"column":21},"end":{"line":100,"column":22}},"loc":{"start":{"line":100,"column":64},"end":{"line":106,"column":3}}},"11":{"name":"(anonymous_12)","decl":{"start":{"line":102,"column":43},"end":{"line":102,"column":46}},"loc":{"start":{"line":102,"column":49},"end":{"line":102,"column":67}}},"12":{"name":"(anonymous_13)","decl":{"start":{"line":111,"column":23},"end":{"line":111,"column":24}},"loc":{"start":{"line":111,"column":66},"end":{"line":117,"column":3}}},"13":{"name":"(anonymous_14)","decl":{"start":{"line":113,"column":41},"end":{"line":113,"column":44}},"loc":{"start":{"line":113,"column":47},"end":{"line":113,"column":76}}},"14":{"name":"(anonymous_15)","decl":{"start":{"line":124,"column":18},"end":{"line":124,"column":19}},"loc":{"start":{"line":124,"column":54},"end":{"line":126,"column":7}}},"15":{"name":"(anonymous_16)","decl":{"start":{"line":133,"column":18},"end":{"line":133,"column":19}},"loc":{"start":{"line":133,"column":54},"end":{"line":135,"column":7}}},"16":{"name":"(anonymous_17)","decl":{"start":{"line":141,"column":18},"end":{"line":141,"column":19}},"loc":{"start":{"line":141,"column":54},"end":{"line":143,"column":7}}}},"branchMap":{"0":{"loc":{"start":{"line":72,"column":4},"end":{"line":74,"column":5}},"type":"if","locations":[{"start":{"line":72,"column":4},"end":{"line":74,"column":5}}]},"1":{"loc":{"start":{"line":147,"column":2},"end":{"line":160,"column":3}},"type":"if","locations":[{"start":{"line":147,"column":2},"end":{"line":160,"column":3}}]},"2":{"loc":{"start":{"line":162,"column":2},"end":{"line":164,"column":3}},"type":"if","locations":[{"start":{"line":162,"column":2},"end":{"line":164,"column":3}}]},"3":{"loc":{"start":{"line":169,"column":17},"end":{"line":169,"column":39}},"type":"binary-expr","locations":[{"start":{"line":169,"column":17},"end":{"line":169,"column":26}},{"start":{"line":169,"column":30},"end":{"line":169,"column":39}}]},"4":{"loc":{"start":{"line":170,"column":14},"end":{"line":170,"column":29}},"type":"binary-expr","locations":[{"start":{"line":170,"column":14},"end":{"line":170,"column":23}},{"start":{"line":170,"column":27},"end":{"line":170,"column":29}}]},"5":{"loc":{"start":{"line":197,"column":13},"end":{"line":197,"column":49}},"type":"cond-expr","locations":[{"start":{"line":197,"column":25},"end":{"line":197,"column":38}},{"start":{"line":197,"column":41},"end":{"line":197,"column":49}}]}},"s":{"0":1,"1":1,"2":1,"3":1,"4":1,"5":1,"6":1,"7":1,"8":1,"9":1,"10":1,"11":0,"12":0,"13":0,"14":0,"15":0,"16":0,"17":0,"18":0,"19":0,"20":0,"21":0,"22":0,"23":0,"24":0,"25":0,"26":0,"27":0,"28":0,"29":0,"30":0,"31":0,"32":0,"33":0,"34":0,"35":0,"36":0,"37":0,"38":0,"39":0,"40":0,"41":0,"42":0,"43":0,"44":0,"45":0,"46":0,"47":0,"48":0,"49":0,"50":1,"51":1},"f":{"0":0,"1":0,"2":0,"3":0,"4":0,"5":0,"6":0,"7":0,"8":0,"9":0,"10":0,"11":0,"12":0,"13":0,"14":0,"15":0,"16":0},"b":{"0":[0],"1":[0],"2":[0],"3":[0,0],"4":[0,0],"5":[0,0]}}
,"C:\\Users\\sonya\\Projects\\front-end\\CRM\\apps\\frontend\\src\\components\\followUps\\FollowUpsTable\\FollowUpsTable.types.tsx": {"path":"C:\\Users\\sonya\\Projects\\front-end\\CRM\\apps\\frontend\\src\\components\\followUps\\FollowUpsTable\\FollowUpsTable.types.tsx","statementMap":{"0":{"start":{"line":7,"column":0},"end":{"line":7,"column":53}},"1":{"start":{"line":8,"column":0},"end":{"line":8,"column":45}},"2":{"start":{"line":11,"column":13},"end":{"line":51,"column":2}},"3":{"start":{"line":20,"column":6},"end":{"line":20,"column":56}},"4":{"start":{"line":26,"column":39},"end":{"line":26,"column":75}},"5":{"start":{"line":34,"column":6},"end":{"line":34,"column":78}},"6":{"start":{"line":54,"column":13},"end":{"line":56,"column":2}}},"fnMap":{"0":{"name":"(anonymous_0)","decl":{"start":{"line":19,"column":16},"end":{"line":19,"column":17}},"loc":{"start":{"line":19,"column":52},"end":{"line":21,"column":5}}},"1":{"name":"(anonymous_1)","decl":{"start":{"line":26,"column":20},"end":{"line":26,"column":21}},"loc":{"start":{"line":26,"column":39},"end":{"line":26,"column":75}}},"2":{"name":"(anonymous_2)","decl":{"start":{"line":33,"column":16},"end":{"line":33,"column":17}},"loc":{"start":{"line":33,"column":52},"end":{"line":35,"column":5}}}},"branchMap":{"0":{"loc":{"start":{"line":34,"column":13},"end":{"line":34,"column":77}},"type":"cond-expr","locations":[{"start":{"line":34,"column":29},"end":{"line":34,"column":70}},{"start":{"line":34,"column":73},"end":{"line":34,"column":77}}]}},"s":{"0":1,"1":1,"2":1,"3":0,"4":0,"5":0,"6":1},"f":{"0":0,"1":0,"2":0},"b":{"0":[0,0]}}
,"C:\\Users\\sonya\\Projects\\front-end\\CRM\\apps\\frontend\\src\\components\\followUps\\FollowUpsTable\\index.ts": {"path":"C:\\Users\\sonya\\Projects\\front-end\\CRM\\apps\\frontend\\src\\components\\followUps\\FollowUpsTable\\index.ts","statementMap":{"0":{"start":{"line":1,"column":0},"end":{"line":1,"column":33}}},"fnMap":{},"branchMap":{},"s":{"0":1},"f":{},"b":{}}
,"C:\\Users\\sonya\\Projects\\front-end\\CRM\\apps\\frontend\\src\\components\\opportunity\\BusinessTypeChip\\BusinessTypeChip.tsx": {"path":"C:\\Users\\sonya\\Projects\\front-end\\CRM\\apps\\frontend\\src\\components\\opportunity\\BusinessTypeChip\\BusinessTypeChip.tsx","statementMap":{"0":{"start":{"line":1,"column":0},"end":{"line":1,"column":38}},"1":{"start":{"line":2,"column":0},"end":{"line":2,"column":null}},"2":{"start":{"line":14,"column":4},"end":{"line":19,"column":2}},"3":{"start":{"line":21,"column":32},"end":{"line":28,"column":1}},"4":{"start":{"line":22,"column":2},"end":{"line":27,"column":4}},"5":{"start":{"line":21,"column":13},"end":{"line":21,"column":32}},"6":{"start":{"line":30,"column":0},"end":{"line":30,"column":32}}},"fnMap":{"0":{"name":"(anonymous_1)","decl":{"start":{"line":21,"column":32},"end":{"line":21,"column":33}},"loc":{"start":{"line":21,"column":76},"end":{"line":28,"column":1}}}},"branchMap":{},"s":{"0":1,"1":1,"2":1,"3":1,"4":0,"5":1,"6":1},"f":{"0":0},"b":{}}
,"C:\\Users\\sonya\\Projects\\front-end\\CRM\\apps\\frontend\\src\\components\\opportunity\\BusinessTypeChip\\index.ts": {"path":"C:\\Users\\sonya\\Projects\\front-end\\CRM\\apps\\frontend\\src\\components\\opportunity\\BusinessTypeChip\\index.ts","statementMap":{"0":{"start":{"line":1,"column":0},"end":{"line":1,"column":35}}},"fnMap":{},"branchMap":{},"s":{"0":1},"f":{},"b":{}}
,"C:\\Users\\sonya\\Projects\\front-end\\CRM\\apps\\frontend\\src\\components\\opportunity\\EditOpportunityModal\\EditOpportunityModal.tsx": {"path":"C:\\Users\\sonya\\Projects\\front-end\\CRM\\apps\\frontend\\src\\components\\opportunity\\EditOpportunityModal\\EditOpportunityModal.tsx","statementMap":{"0":{"start":{"line":1,"column":0},"end":{"line":1,"column":null}},"1":{"start":{"line":11,"column":0},"end":{"line":11,"column":41}},"2":{"start":{"line":12,"column":0},"end":{"line":12,"column":54}},"3":{"start":{"line":13,"column":0},"end":{"line":13,"column":85}},"4":{"start":{"line":14,"column":0},"end":{"line":14,"column":83}},"5":{"start":{"line":15,"column":0},"end":{"line":15,"column":null}},"6":{"start":{"line":20,"column":0},"end":{"line":20,"column":50}},"7":{"start":{"line":28,"column":66},"end":{"line":239,"column":1}},"8":{"start":{"line":33,"column":36},"end":{"line":33,"column":72}},"9":{"start":{"line":34,"column":56},"end":{"line":34,"column":78}},"10":{"start":{"line":41,"column":6},"end":{"line":43,"column":4}},"11":{"start":{"line":45,"column":2},"end":{"line":54,"column":31}},"12":{"start":{"line":46,"column":4},"end":{"line":53,"column":5}},"13":{"start":{"line":47,"column":6},"end":{"line":52,"column":9}},"14":{"start":{"line":56,"column":19},"end":{"line":64,"column":3}},"15":{"start":{"line":57,"column":4},"end":{"line":63,"column":6}},"16":{"start":{"line":60,"column":25},"end":{"line":60,"column":34}},"17":{"start":{"line":61,"column":28},"end":{"line":61,"column":79}},"18":{"start":{"line":66,"column":2},"end":{"line":66,"column":36}},"19":{"start":{"line":66,"column":24},"end":{"line":66,"column":36}},"20":{"start":{"line":68,"column":2},"end":{"line":238,"column":4}},"21":{"start":{"line":98,"column":18},"end":{"line":105,"column":null}},"22":{"start":{"line":101,"column":24},"end":{"line":101,"column":46}},"23":{"start":{"line":120,"column":18},"end":{"line":125,"column":null}},"24":{"start":{"line":137,"column":18},"end":{"line":144,"column":null}},"25":{"start":{"line":156,"column":18},"end":{"line":163,"column":null}},"26":{"start":{"line":181,"column":18},"end":{"line":187,"column":null}},"27":{"start":{"line":199,"column":18},"end":{"line":206,"column":null}},"28":{"start":{"line":202,"column":24},"end":{"line":202,"column":44}},"29":{"start":{"line":241,"column":0},"end":{"line":241,"column":36}}},"fnMap":{"0":{"name":"(anonymous_1)","decl":{"start":{"line":28,"column":66},"end":{"line":28,"column":67}},"loc":{"start":{"line":32,"column":5},"end":{"line":239,"column":1}}},"1":{"name":"(anonymous_2)","decl":{"start":{"line":45,"column":12},"end":{"line":45,"column":15}},"loc":{"start":{"line":45,"column":17},"end":{"line":54,"column":3}}},"2":{"name":"(anonymous_3)","decl":{"start":{"line":56,"column":19},"end":{"line":56,"column":20}},"loc":{"start":{"line":56,"column":45},"end":{"line":64,"column":3}}},"3":{"name":"(anonymous_4)","decl":{"start":{"line":60,"column":19},"end":{"line":60,"column":22}},"loc":{"start":{"line":60,"column":25},"end":{"line":60,"column":34}}},"4":{"name":"(anonymous_5)","decl":{"start":{"line":61,"column":17},"end":{"line":61,"column":18}},"loc":{"start":{"line":61,"column":28},"end":{"line":61,"column":79}}},"5":{"name":"(anonymous_6)","decl":{"start":{"line":97,"column":24},"end":{"line":97,"column":25}},"loc":{"start":{"line":98,"column":18},"end":{"line":105,"column":null}}},"6":{"name":"(anonymous_7)","decl":{"start":{"line":100,"column":22},"end":{"line":100,"column":23}},"loc":{"start":{"line":101,"column":24},"end":{"line":101,"column":46}}},"7":{"name":"(anonymous_8)","decl":{"start":{"line":119,"column":24},"end":{"line":119,"column":25}},"loc":{"start":{"line":120,"column":18},"end":{"line":125,"column":null}}},"8":{"name":"(anonymous_9)","decl":{"start":{"line":136,"column":24},"end":{"line":136,"column":25}},"loc":{"start":{"line":137,"column":18},"end":{"line":144,"column":null}}},"9":{"name":"(anonymous_10)","decl":{"start":{"line":155,"column":24},"end":{"line":155,"column":25}},"loc":{"start":{"line":156,"column":18},"end":{"line":163,"column":null}}},"10":{"name":"(anonymous_11)","decl":{"start":{"line":180,"column":24},"end":{"line":180,"column":25}},"loc":{"start":{"line":181,"column":18},"end":{"line":187,"column":null}}},"11":{"name":"(anonymous_12)","decl":{"start":{"line":198,"column":24},"end":{"line":198,"column":25}},"loc":{"start":{"line":199,"column":18},"end":{"line":206,"column":null}}},"12":{"name":"(anonymous_13)","decl":{"start":{"line":201,"column":22},"end":{"line":201,"column":23}},"loc":{"start":{"line":202,"column":24},"end":{"line":202,"column":44}}}},"branchMap":{"0":{"loc":{"start":{"line":46,"column":4},"end":{"line":53,"column":5}},"type":"if","locations":[{"start":{"line":46,"column":4},"end":{"line":53,"column":5}}]},"1":{"loc":{"start":{"line":49,"column":23},"end":{"line":51,"column":14}},"type":"cond-expr","locations":[{"start":{"line":50,"column":12},"end":{"line":50,"column":63}},{"start":{"line":51,"column":12},"end":{"line":51,"column":14}}]},"2":{"loc":{"start":{"line":66,"column":2},"end":{"line":66,"column":36}},"type":"if","locations":[{"start":{"line":66,"column":2},"end":{"line":66,"column":36}}]},"3":{"loc":{"start":{"line":230,"column":11},"end":{"line":233,"column":null}},"type":"binary-expr","locations":[{"start":{"line":230,"column":11},"end":{"line":230,"column":18}},{"start":{"line":231,"column":12},"end":{"line":231,"column":null}}]}},"s":{"0":1,"1":1,"2":1,"3":1,"4":1,"5":1,"6":1,"7":1,"8":0,"9":0,"10":0,"11":0,"12":0,"13":0,"14":0,"15":0,"16":0,"17":0,"18":0,"19":0,"20":0,"21":0,"22":0,"23":0,"24":0,"25":0,"26":0,"27":0,"28":0,"29":1},"f":{"0":0,"1":0,"2":0,"3":0,"4":0,"5":0,"6":0,"7":0,"8":0,"9":0,"10":0,"11":0,"12":0},"b":{"0":[0],"1":[0,0],"2":[0],"3":[0,0]}}
,"C:\\Users\\sonya\\Projects\\front-end\\CRM\\apps\\frontend\\src\\components\\opportunity\\OpportunityStatusChip\\OpportunityStatusChip.tsx": {"path":"C:\\Users\\sonya\\Projects\\front-end\\CRM\\apps\\frontend\\src\\components\\opportunity\\OpportunityStatusChip\\OpportunityStatusChip.tsx","statementMap":{"0":{"start":{"line":1,"column":0},"end":{"line":1,"column":38}},"1":{"start":{"line":2,"column":0},"end":{"line":2,"column":null}},"2":{"start":{"line":14,"column":4},"end":{"line":19,"column":2}},"3":{"start":{"line":21,"column":37},"end":{"line":25,"column":1}},"4":{"start":{"line":24,"column":2},"end":{"line":24,"column":80}},"5":{"start":{"line":21,"column":13},"end":{"line":21,"column":37}},"6":{"start":{"line":27,"column":0},"end":{"line":27,"column":37}}},"fnMap":{"0":{"name":"(anonymous_1)","decl":{"start":{"line":21,"column":37},"end":{"line":21,"column":38}},"loc":{"start":{"line":23,"column":33},"end":{"line":25,"column":1}}}},"branchMap":{},"s":{"0":1,"1":1,"2":1,"3":1,"4":0,"5":1,"6":1},"f":{"0":0},"b":{}}
,"C:\\Users\\sonya\\Projects\\front-end\\CRM\\apps\\frontend\\src\\components\\opportunity\\OpportunityStatusChip\\index.ts": {"path":"C:\\Users\\sonya\\Projects\\front-end\\CRM\\apps\\frontend\\src\\components\\opportunity\\OpportunityStatusChip\\index.ts","statementMap":{"0":{"start":{"line":1,"column":0},"end":{"line":1,"column":40}}},"fnMap":{},"branchMap":{},"s":{"0":1},"f":{},"b":{}}
,"C:\\Users\\sonya\\Projects\\front-end\\CRM\\apps\\frontend\\src\\components\\opportunity\\OpportunityTable\\OpportunityTable.tsx": {"path":"C:\\Users\\sonya\\Projects\\front-end\\CRM\\apps\\frontend\\src\\components\\opportunity\\OpportunityTable\\OpportunityTable.tsx","statementMap":{"0":{"start":{"line":1,"column":0},"end":{"line":1,"column":66}},"1":{"start":{"line":2,"column":0},"end":{"line":2,"column":48}},"2":{"start":{"line":3,"column":0},"end":{"line":3,"column":58}},"3":{"start":{"line":4,"column":0},"end":{"line":4,"column":null}},"4":{"start":{"line":17,"column":0},"end":{"line":17,"column":59}},"5":{"start":{"line":18,"column":0},"end":{"line":18,"column":37}},"6":{"start":{"line":19,"column":0},"end":{"line":19,"column":81}},"7":{"start":{"line":20,"column":0},"end":{"line":20,"column":83}},"8":{"start":{"line":21,"column":0},"end":{"line":21,"column":63}},"9":{"start":{"line":22,"column":0},"end":{"line":22,"column":49}},"10":{"start":{"line":23,"column":0},"end":{"line":23,"column":80}},"11":{"start":{"line":24,"column":0},"end":{"line":24,"column":null}},"12":{"start":{"line":28,"column":0},"end":{"line":28,"column":47}},"13":{"start":{"line":35,"column":59},"end":{"line":251,"column":1}},"14":{"start":{"line":37,"column":26},"end":{"line":37,"column":37}},"15":{"start":{"line":38,"column":42},"end":{"line":38,"column":57}},"16":{"start":{"line":39,"column":48},"end":{"line":39,"column":63}},"17":{"start":{"line":40,"column":52},"end":{"line":40,"column":67}},"18":{"start":{"line":41,"column":60},"end":{"line":43,"column":9}},"19":{"start":{"line":45,"column":39},"end":{"line":45,"column":64}},"20":{"start":{"line":46,"column":51},"end":{"line":46,"column":73}},"21":{"start":{"line":48,"column":40},"end":{"line":48,"column":50}},"22":{"start":{"line":50,"column":19},"end":{"line":64,"column":3}},"23":{"start":{"line":51,"column":4},"end":{"line":63,"column":6}},"24":{"start":{"line":55,"column":10},"end":{"line":55,"column":32}},"25":{"start":{"line":59,"column":10},"end":{"line":59,"column":38}},"26":{"start":{"line":60,"column":10},"end":{"line":60,"column":41}},"27":{"start":{"line":66,"column":28},"end":{"line":69,"column":3}},"28":{"start":{"line":67,"column":4},"end":{"line":67,"column":44}},"29":{"start":{"line":68,"column":4},"end":{"line":68,"column":31}},"30":{"start":{"line":71,"column":30},"end":{"line":75,"column":3}},"31":{"start":{"line":72,"column":4},"end":{"line":74,"column":5}},"32":{"start":{"line":73,"column":6},"end":{"line":73,"column":38}},"33":{"start":{"line":77,"column":30},"end":{"line":79,"column":3}},"34":{"start":{"line":78,"column":4},"end":{"line":78,"column":27}},"35":{"start":{"line":81,"column":21},"end":{"line":84,"column":3}},"36":{"start":{"line":82,"column":4},"end":{"line":82,"column":44}},"37":{"start":{"line":83,"column":4},"end":{"line":83,"column":29}},"38":{"start":{"line":86,"column":28},"end":{"line":89,"column":3}},"39":{"start":{"line":87,"column":4},"end":{"line":87,"column":32}},"40":{"start":{"line":88,"column":4},"end":{"line":88,"column":35}},"41":{"start":{"line":91,"column":31},"end":{"line":94,"column":3}},"42":{"start":{"line":92,"column":4},"end":{"line":92,"column":30}},"43":{"start":{"line":93,"column":4},"end":{"line":93,"column":35}},"44":{"start":{"line":99,"column":21},"end":{"line":110,"column":3}},"45":{"start":{"line":100,"column":21},"end":{"line":100,"column":34}},"46":{"start":{"line":102,"column":4},"end":{"line":109,"column":6}},"47":{"start":{"line":105,"column":23},"end":{"line":105,"column":66}},"48":{"start":{"line":112,"column":21},"end":{"line":118,"column":3}},"49":{"start":{"line":113,"column":4},"end":{"line":117,"column":6}},"50":{"start":{"line":114,"column":49},"end":{"line":114,"column":74}},"51":{"start":{"line":120,"column":23},"end":{"line":129,"column":3}},"52":{"start":{"line":121,"column":4},"end":{"line":128,"column":6}},"53":{"start":{"line":124,"column":23},"end":{"line":124,"column":55}},"54":{"start":{"line":131,"column":18},"end":{"line":157,"column":4}},"55":{"start":{"line":137,"column":8},"end":{"line":137,"column":53}},"56":{"start":{"line":146,"column":8},"end":{"line":146,"column":53}},"57":{"start":{"line":154,"column":8},"end":{"line":154,"column":55}},"58":{"start":{"line":159,"column":2},"end":{"line":172,"column":3}},"59":{"start":{"line":160,"column":4},"end":{"line":171,"column":6}},"60":{"start":{"line":174,"column":2},"end":{"line":176,"column":3}},"61":{"start":{"line":175,"column":4},"end":{"line":175,"column":26}},"62":{"start":{"line":178,"column":2},"end":{"line":250,"column":4}},"63":{"start":{"line":193,"column":10},"end":{"line":193,"column":47}},"64":{"start":{"line":35,"column":13},"end":{"line":35,"column":59}},"65":{"start":{"line":253,"column":0},"end":{"line":253,"column":32}}},"fnMap":{"0":{"name":"(anonymous_1)","decl":{"start":{"line":35,"column":59},"end":{"line":35,"column":60}},"loc":{"start":{"line":36,"column":28},"end":{"line":251,"column":1}}},"1":{"name":"(anonymous_2)","decl":{"start":{"line":50,"column":19},"end":{"line":50,"column":20}},"loc":{"start":{"line":50,"column":45},"end":{"line":64,"column":3}}},"2":{"name":"(anonymous_3)","decl":{"start":{"line":54,"column":17},"end":{"line":54,"column":20}},"loc":{"start":{"line":54,"column":22},"end":{"line":56,"column":9}}},"3":{"name":"(anonymous_4)","decl":{"start":{"line":57,"column":19},"end":{"line":57,"column":22}},"loc":{"start":{"line":57,"column":24},"end":{"line":61,"column":9}}},"4":{"name":"(anonymous_5)","decl":{"start":{"line":66,"column":28},"end":{"line":66,"column":29}},"loc":{"start":{"line":66,"column":54},"end":{"line":69,"column":3}}},"5":{"name":"(anonymous_6)","decl":{"start":{"line":71,"column":30},"end":{"line":71,"column":33}},"loc":{"start":{"line":71,"column":35},"end":{"line":75,"column":3}}},"6":{"name":"(anonymous_7)","decl":{"start":{"line":77,"column":30},"end":{"line":77,"column":33}},"loc":{"start":{"line":77,"column":35},"end":{"line":79,"column":3}}},"7":{"name":"(anonymous_8)","decl":{"start":{"line":81,"column":21},"end":{"line":81,"column":22}},"loc":{"start":{"line":81,"column":47},"end":{"line":84,"column":3}}},"8":{"name":"(anonymous_9)","decl":{"start":{"line":86,"column":28},"end":{"line":86,"column":31}},"loc":{"start":{"line":86,"column":33},"end":{"line":89,"column":3}}},"9":{"name":"(anonymous_10)","decl":{"start":{"line":91,"column":31},"end":{"line":91,"column":34}},"loc":{"start":{"line":91,"column":36},"end":{"line":94,"column":3}}},"10":{"name":"(anonymous_11)","decl":{"start":{"line":99,"column":21},"end":{"line":99,"column":22}},"loc":{"start":{"line":99,"column":70},"end":{"line":110,"column":3}}},"11":{"name":"(anonymous_12)","decl":{"start":{"line":105,"column":17},"end":{"line":105,"column":20}},"loc":{"start":{"line":105,"column":23},"end":{"line":105,"column":66}}},"12":{"name":"(anonymous_13)","decl":{"start":{"line":112,"column":21},"end":{"line":112,"column":22}},"loc":{"start":{"line":112,"column":70},"end":{"line":118,"column":3}}},"13":{"name":"(anonymous_14)","decl":{"start":{"line":114,"column":43},"end":{"line":114,"column":46}},"loc":{"start":{"line":114,"column":49},"end":{"line":114,"column":74}}},"14":{"name":"(anonymous_15)","decl":{"start":{"line":120,"column":23},"end":{"line":120,"column":24}},"loc":{"start":{"line":120,"column":72},"end":{"line":129,"column":3}}},"15":{"name":"(anonymous_16)","decl":{"start":{"line":124,"column":17},"end":{"line":124,"column":20}},"loc":{"start":{"line":124,"column":23},"end":{"line":124,"column":55}}},"16":{"name":"(anonymous_17)","decl":{"start":{"line":136,"column":18},"end":{"line":136,"column":19}},"loc":{"start":{"line":136,"column":54},"end":{"line":138,"column":7}}},"17":{"name":"(anonymous_18)","decl":{"start":{"line":145,"column":18},"end":{"line":145,"column":19}},"loc":{"start":{"line":145,"column":35},"end":{"line":147,"column":7}}},"18":{"name":"(anonymous_19)","decl":{"start":{"line":153,"column":18},"end":{"line":153,"column":19}},"loc":{"start":{"line":153,"column":54},"end":{"line":155,"column":7}}},"19":{"name":"(anonymous_20)","decl":{"start":{"line":192,"column":33},"end":{"line":192,"column":34}},"loc":{"start":{"line":192,"column":74},"end":{"line":194,"column":9}}}},"branchMap":{"0":{"loc":{"start":{"line":48,"column":40},"end":{"line":48,"column":50}},"type":"binary-expr","locations":[{"start":{"line":48,"column":40},"end":{"line":48,"column":44}},{"start":{"line":48,"column":48},"end":{"line":48,"column":50}}]},"1":{"loc":{"start":{"line":72,"column":4},"end":{"line":74,"column":5}},"type":"if","locations":[{"start":{"line":72,"column":4},"end":{"line":74,"column":5}}]},"2":{"loc":{"start":{"line":159,"column":2},"end":{"line":172,"column":3}},"type":"if","locations":[{"start":{"line":159,"column":2},"end":{"line":172,"column":3}}]},"3":{"loc":{"start":{"line":174,"column":2},"end":{"line":176,"column":3}},"type":"if","locations":[{"start":{"line":174,"column":2},"end":{"line":176,"column":3}}]},"4":{"loc":{"start":{"line":181,"column":17},"end":{"line":181,"column":39}},"type":"binary-expr","locations":[{"start":{"line":181,"column":17},"end":{"line":181,"column":26}},{"start":{"line":181,"column":30},"end":{"line":181,"column":39}}]},"5":{"loc":{"start":{"line":190,"column":18},"end":{"line":190,"column":33}},"type":"binary-expr","locations":[{"start":{"line":190,"column":18},"end":{"line":190,"column":28}},{"start":{"line":190,"column":32},"end":{"line":190,"column":33}}]},"6":{"loc":{"start":{"line":220,"column":13},"end":{"line":220,"column":49}},"type":"cond-expr","locations":[{"start":{"line":220,"column":25},"end":{"line":220,"column":38}},{"start":{"line":220,"column":41},"end":{"line":220,"column":49}}]},"7":{"loc":{"start":{"line":242,"column":7},"end":{"line":247,"column":null}},"type":"binary-expr","locations":[{"start":{"line":242,"column":7},"end":{"line":242,"column":28}},{"start":{"line":243,"column":8},"end":{"line":246,"column":null}}]}},"s":{"0":1,"1":1,"2":1,"3":1,"4":1,"5":1,"6":1,"7":1,"8":1,"9":1,"10":1,"11":1,"12":1,"13":1,"14":0,"15":0,"16":0,"17":0,"18":0,"19":0,"20":0,"21":0,"22":0,"23":0,"24":0,"25":0,"26":0,"27":0,"28":0,"29":0,"30":0,"31":0,"32":0,"33":0,"34":0,"35":0,"36":0,"37":0,"38":0,"39":0,"40":0,"41":0,"42":0,"43":0,"44":0,"45":0,"46":0,"47":0,"48":0,"49":0,"50":0,"51":0,"52":0,"53":0,"54":0,"55":0,"56":0,"57":0,"58":0,"59":0,"60":0,"61":0,"62":0,"63":0,"64":1,"65":1},"f":{"0":0,"1":0,"2":0,"3":0,"4":0,"5":0,"6":0,"7":0,"8":0,"9":0,"10":0,"11":0,"12":0,"13":0,"14":0,"15":0,"16":0,"17":0,"18":0,"19":0},"b":{"0":[0,0],"1":[0],"2":[0],"3":[0],"4":[0,0],"5":[0,0],"6":[0,0],"7":[0,0]}}
,"C:\\Users\\sonya\\Projects\\front-end\\CRM\\apps\\frontend\\src\\components\\opportunity\\OpportunityTable\\OpportunityTable.types.tsx": {"path":"C:\\Users\\sonya\\Projects\\front-end\\CRM\\apps\\frontend\\src\\components\\opportunity\\OpportunityTable\\OpportunityTable.types.tsx","statementMap":{"0":{"start":{"line":7,"column":0},"end":{"line":7,"column":54}},"1":{"start":{"line":8,"column":0},"end":{"line":8,"column":55}},"2":{"start":{"line":9,"column":0},"end":{"line":9,"column":65}},"3":{"start":{"line":12,"column":13},"end":{"line":74,"column":2}},"4":{"start":{"line":21,"column":6},"end":{"line":21,"column":52}},"5":{"start":{"line":36,"column":6},"end":{"line":36,"column":66}},"6":{"start":{"line":51,"column":6},"end":{"line":51,"column":59}},"7":{"start":{"line":59,"column":39},"end":{"line":59,"column":75}},"8":{"start":{"line":66,"column":39},"end":{"line":66,"column":60}},"9":{"start":{"line":77,"column":13},"end":{"line":81,"column":2}}},"fnMap":{"0":{"name":"(anonymous_0)","decl":{"start":{"line":20,"column":16},"end":{"line":20,"column":17}},"loc":{"start":{"line":20,"column":52},"end":{"line":22,"column":5}}},"1":{"name":"(anonymous_1)","decl":{"start":{"line":35,"column":16},"end":{"line":35,"column":17}},"loc":{"start":{"line":35,"column":52},"end":{"line":37,"column":5}}},"2":{"name":"(anonymous_2)","decl":{"start":{"line":50,"column":16},"end":{"line":50,"column":17}},"loc":{"start":{"line":50,"column":52},"end":{"line":52,"column":5}}},"3":{"name":"(anonymous_3)","decl":{"start":{"line":59,"column":20},"end":{"line":59,"column":21}},"loc":{"start":{"line":59,"column":39},"end":{"line":59,"column":75}}},"4":{"name":"(anonymous_4)","decl":{"start":{"line":66,"column":20},"end":{"line":66,"column":21}},"loc":{"start":{"line":66,"column":39},"end":{"line":66,"column":60}}}},"branchMap":{"0":{"loc":{"start":{"line":66,"column":46},"end":{"line":66,"column":58}},"type":"binary-expr","locations":[{"start":{"line":66,"column":46},"end":{"line":66,"column":51}},{"start":{"line":66,"column":55},"end":{"line":66,"column":58}}]}},"s":{"0":1,"1":1,"2":1,"3":1,"4":0,"5":0,"6":0,"7":0,"8":0,"9":1},"f":{"0":0,"1":0,"2":0,"3":0,"4":0},"b":{"0":[0,0]}}
,"C:\\Users\\sonya\\Projects\\front-end\\CRM\\apps\\frontend\\src\\components\\opportunity\\OpportunityTable\\index.ts": {"path":"C:\\Users\\sonya\\Projects\\front-end\\CRM\\apps\\frontend\\src\\components\\opportunity\\OpportunityTable\\index.ts","statementMap":{"0":{"start":{"line":1,"column":0},"end":{"line":1,"column":35}}},"fnMap":{},"branchMap":{},"s":{"0":1},"f":{},"b":{}}
,"C:\\Users\\sonya\\Projects\\front-end\\CRM\\apps\\frontend\\src\\components\\overview\\OpportunityBarChart\\OpportunityBarChart.tsx": {"path":"C:\\Users\\sonya\\Projects\\front-end\\CRM\\apps\\frontend\\src\\components\\overview\\OpportunityBarChart\\OpportunityBarChart.tsx","statementMap":{"0":{"start":{"line":1,"column":0},"end":{"line":1,"column":48}},"1":{"start":{"line":2,"column":0},"end":{"line":2,"column":62}},"2":{"start":{"line":3,"column":0},"end":{"line":3,"column":50}},"3":{"start":{"line":4,"column":0},"end":{"line":4,"column":55}},"4":{"start":{"line":5,"column":0},"end":{"line":5,"column":101}},"5":{"start":{"line":6,"column":0},"end":{"line":6,"column":49}},"6":{"start":{"line":8,"column":22},"end":{"line":28,"column":2}},"7":{"start":{"line":30,"column":35},"end":{"line":108,"column":1}},"8":{"start":{"line":31,"column":37},"end":{"line":31,"column":68}},"9":{"start":{"line":33,"column":2},"end":{"line":33,"column":45}},"10":{"start":{"line":33,"column":17},"end":{"line":33,"column":45}},"11":{"start":{"line":35,"column":2},"end":{"line":35,"column":35}},"12":{"start":{"line":35,"column":13},"end":{"line":35,"column":35}},"13":{"start":{"line":37,"column":18},"end":{"line":41,"column":5}},"14":{"start":{"line":37,"column":46},"end":{"line":41,"column":4}},"15":{"start":{"line":43,"column":2},"end":{"line":107,"column":4}},"16":{"start":{"line":30,"column":13},"end":{"line":30,"column":35}},"17":{"start":{"line":110,"column":0},"end":{"line":110,"column":35}}},"fnMap":{"0":{"name":"(anonymous_1)","decl":{"start":{"line":30,"column":35},"end":{"line":30,"column":38}},"loc":{"start":{"line":30,"column":40},"end":{"line":108,"column":1}}},"1":{"name":"(anonymous_2)","decl":{"start":{"line":37,"column":35},"end":{"line":37,"column":36}},"loc":{"start":{"line":37,"column":46},"end":{"line":41,"column":4}}}},"branchMap":{"0":{"loc":{"start":{"line":33,"column":2},"end":{"line":33,"column":45}},"type":"if","locations":[{"start":{"line":33,"column":2},"end":{"line":33,"column":45}}]},"1":{"loc":{"start":{"line":35,"column":2},"end":{"line":35,"column":35}},"type":"if","locations":[{"start":{"line":35,"column":2},"end":{"line":35,"column":35}}]},"2":{"loc":{"start":{"line":37,"column":19},"end":{"line":37,"column":29}},"type":"binary-expr","locations":[{"start":{"line":37,"column":19},"end":{"line":37,"column":23}},{"start":{"line":37,"column":27},"end":{"line":37,"column":29}}]},"3":{"loc":{"start":{"line":40,"column":19},"end":{"line":40,"column":42}},"type":"binary-expr","locations":[{"start":{"line":40,"column":19},"end":{"line":40,"column":37}},{"start":{"line":40,"column":41},"end":{"line":40,"column":42}}]}},"s":{"0":1,"1":1,"2":1,"3":1,"4":1,"5":1,"6":1,"7":1,"8":7,"9":7,"10":1,"11":6,"12":2,"13":4,"14":0,"15":4,"16":1,"17":1},"f":{"0":7,"1":0},"b":{"0":[1],"1":[2],"2":[4,0],"3":[0,0]}}
,"C:\\Users\\sonya\\Projects\\front-end\\CRM\\apps\\frontend\\src\\components\\overview\\OpportunityBarChart\\index.ts": {"path":"C:\\Users\\sonya\\Projects\\front-end\\CRM\\apps\\frontend\\src\\components\\overview\\OpportunityBarChart\\index.ts","statementMap":{"0":{"start":{"line":1,"column":0},"end":{"line":1,"column":38}}},"fnMap":{},"branchMap":{},"s":{"0":1},"f":{},"b":{}}
,"C:\\Users\\sonya\\Projects\\front-end\\CRM\\apps\\frontend\\src\\components\\overview\\OpportunityPieChart\\OpportunityPieChart.tsx": {"path":"C:\\Users\\sonya\\Projects\\front-end\\CRM\\apps\\frontend\\src\\components\\overview\\OpportunityPieChart\\OpportunityPieChart.tsx","statementMap":{"0":{"start":{"line":1,"column":0},"end":{"line":1,"column":48}},"1":{"start":{"line":2,"column":0},"end":{"line":2,"column":62}},"2":{"start":{"line":3,"column":0},"end":{"line":3,"column":50}},"3":{"start":{"line":4,"column":0},"end":{"line":4,"column":97}},"4":{"start":{"line":6,"column":0},"end":{"line":6,"column":49}},"5":{"start":{"line":13,"column":35},"end":{"line":69,"column":1}},"6":{"start":{"line":17,"column":37},"end":{"line":17,"column":73}},"7":{"start":{"line":19,"column":15},"end":{"line":19,"column":30}},"8":{"start":{"line":21,"column":2},"end":{"line":21,"column":45}},"9":{"start":{"line":21,"column":17},"end":{"line":21,"column":45}},"10":{"start":{"line":23,"column":2},"end":{"line":23,"column":35}},"11":{"start":{"line":23,"column":13},"end":{"line":23,"column":35}},"12":{"start":{"line":25,"column":2},"end":{"line":68,"column":4}},"13":{"start":{"line":13,"column":13},"end":{"line":13,"column":35}}},"fnMap":{"0":{"name":"(anonymous_1)","decl":{"start":{"line":13,"column":35},"end":{"line":13,"column":36}},"loc":{"start":{"line":16,"column":30},"end":{"line":69,"column":1}}}},"branchMap":{"0":{"loc":{"start":{"line":21,"column":2},"end":{"line":21,"column":45}},"type":"if","locations":[{"start":{"line":21,"column":2},"end":{"line":21,"column":45}}]},"1":{"loc":{"start":{"line":23,"column":2},"end":{"line":23,"column":35}},"type":"if","locations":[{"start":{"line":23,"column":2},"end":{"line":23,"column":35}}]},"2":{"loc":{"start":{"line":47,"column":18},"end":{"line":47,"column":28}},"type":"binary-expr","locations":[{"start":{"line":47,"column":18},"end":{"line":47,"column":22}},{"start":{"line":47,"column":26},"end":{"line":47,"column":28}}]}},"s":{"0":1,"1":1,"2":1,"3":1,"4":1,"5":1,"6":14,"7":14,"8":14,"9":2,"10":12,"11":2,"12":10,"13":1},"f":{"0":14},"b":{"0":[2],"1":[2],"2":[10,0]}}
,"C:\\Users\\sonya\\Projects\\front-end\\CRM\\apps\\frontend\\src\\components\\overview\\OpportunityPieChart\\index.ts": {"path":"C:\\Users\\sonya\\Projects\\front-end\\CRM\\apps\\frontend\\src\\components\\overview\\OpportunityPieChart\\index.ts","statementMap":{"0":{"start":{"line":1,"column":0},"end":{"line":1,"column":38}}},"fnMap":{},"branchMap":{},"s":{"0":1},"f":{},"b":{}}
,"C:\\Users\\sonya\\Projects\\front-end\\CRM\\apps\\frontend\\src\\hooks\\clients\\useCreateClients.ts": {"path":"C:\\Users\\sonya\\Projects\\front-end\\CRM\\apps\\frontend\\src\\hooks\\clients\\useCreateClients.ts","statementMap":{"0":{"start":{"line":1,"column":0},"end":{"line":1,"column":68}},"1":{"start":{"line":2,"column":0},"end":{"line":2,"column":61}},"2":{"start":{"line":3,"column":0},"end":{"line":3,"column":52}},"3":{"start":{"line":11,"column":31},"end":{"line":25,"column":1}},"4":{"start":{"line":12,"column":22},"end":{"line":12,"column":38}},"5":{"start":{"line":14,"column":2},"end":{"line":24,"column":5}},"6":{"start":{"line":16,"column":6},"end":{"line":16,"column":44}},"7":{"start":{"line":19,"column":6},"end":{"line":19,"column":77}},"8":{"start":{"line":22,"column":6},"end":{"line":22,"column":53}},"9":{"start":{"line":11,"column":13},"end":{"line":11,"column":31}}},"fnMap":{"0":{"name":"(anonymous_0)","decl":{"start":{"line":11,"column":31},"end":{"line":11,"column":34}},"loc":{"start":{"line":11,"column":36},"end":{"line":25,"column":1}}},"1":{"name":"(anonymous_1)","decl":{"start":{"line":15,"column":16},"end":{"line":15,"column":21}},"loc":{"start":{"line":15,"column":58},"end":{"line":17,"column":5}}},"2":{"name":"(anonymous_2)","decl":{"start":{"line":18,"column":15},"end":{"line":18,"column":18}},"loc":{"start":{"line":18,"column":20},"end":{"line":20,"column":5}}},"3":{"name":"(anonymous_3)","decl":{"start":{"line":21,"column":13},"end":{"line":21,"column":14}},"loc":{"start":{"line":21,"column":23},"end":{"line":23,"column":5}}}},"branchMap":{},"s":{"0":1,"1":1,"2":1,"3":1,"4":0,"5":0,"6":0,"7":0,"8":0,"9":1},"f":{"0":0,"1":0,"2":0,"3":0},"b":{}}
,"C:\\Users\\sonya\\Projects\\front-end\\CRM\\apps\\frontend\\src\\hooks\\clients\\useGetAllClients.ts": {"path":"C:\\Users\\sonya\\Projects\\front-end\\CRM\\apps\\frontend\\src\\hooks\\clients\\useGetAllClients.ts","statementMap":{"0":{"start":{"line":1,"column":0},"end":{"line":1,"column":49}},"1":{"start":{"line":2,"column":0},"end":{"line":2,"column":62}},"2":{"start":{"line":3,"column":0},"end":{"line":3,"column":52}},"3":{"start":{"line":6,"column":32},"end":{"line":13,"column":1}},"4":{"start":{"line":7,"column":2},"end":{"line":12,"column":5}},"5":{"start":{"line":10,"column":6},"end":{"line":10,"column":35}},"6":{"start":{"line":6,"column":13},"end":{"line":6,"column":32}},"7":{"start":{"line":15,"column":0},"end":{"line":15,"column":32}}},"fnMap":{"0":{"name":"(anonymous_0)","decl":{"start":{"line":6,"column":32},"end":{"line":6,"column":35}},"loc":{"start":{"line":6,"column":37},"end":{"line":13,"column":1}}},"1":{"name":"(anonymous_1)","decl":{"start":{"line":9,"column":13},"end":{"line":9,"column":18}},"loc":{"start":{"line":9,"column":24},"end":{"line":11,"column":5}}}},"branchMap":{},"s":{"0":1,"1":1,"2":1,"3":1,"4":0,"5":0,"6":1,"7":1},"f":{"0":0,"1":0},"b":{}}
[...]
,"C:\\Users\\sonya\\Projects\\front-end\\CRM\\apps\\frontend\\src\\services\\contact.services.ts": {"path":"C:\\Users\\sonya\\Projects\\front-end\\CRM\\apps\\frontend\\src\\services\\contact.services.ts","statementMap":{"0":{"start":{"line":1,"column":0},"end":{"line":1,"column":49}},"1":{"start":{"line":3,"column":0},"end":{"line":3,"column":35}},"2":{"start":{"line":11,"column":37},"end":{"line":19,"column":1}},"3":{"start":{"line":14,"column":19},"end":{"line":16,"column":4}},"4":{"start":{"line":18,"column":2},"end":{"line":18,"column":14}},"5":{"start":{"line":11,"column":13},"end":{"line":11,"column":37}},"6":{"start":{"line":28,"column":29},"end":{"line":52,"column":1}},"7":{"start":{"line":32,"column":67},"end":{"line":32,"column":78}},"8":{"start":{"line":34,"column":42},"end":{"line":42,"column":4}},"9":{"start":{"line":44,"column":18},"end":{"line":47,"column":4}},"10":{"start":{"line":49,"column":19},"end":{"line":49,"column":72}},"11":{"start":{"line":51,"column":2},"end":{"line":51,"column":14}},"12":{"start":{"line":28,"column":13},"end":{"line":28,"column":29}},"13":{"start":{"line":60,"column":30},"end":{"line":66,"column":1}},"14":{"start":{"line":61,"column":19},"end":{"line":63,"column":4}},"15":{"start":{"line":65,"column":2},"end":{"line":65,"column":14}},"16":{"start":{"line":60,"column":13},"end":{"line":60,"column":30}}},"fnMap":{"0":{"name":"(anonymous_0)","decl":{"start":{"line":11,"column":37},"end":{"line":11,"column":42}},"loc":{"start":{"line":13,"column":28},"end":{"line":19,"column":1}}},"1":{"name":"(anonymous_1)","decl":{"start":{"line":28,"column":29},"end":{"line":28,"column":34}},"loc":{"start":{"line":31,"column":26},"end":{"line":52,"column":1}}},"2":{"name":"(anonymous_2)","decl":{"start":{"line":60,"column":30},"end":{"line":60,"column":35}},"loc":{"start":{"line":60,"column":73},"end":{"line":66,"column":1}}}},"branchMap":{"0":{"loc":{"start":{"line":36,"column":14},"end":{"line":36,"column":28}},"type":"binary-expr","locations":[{"start":{"line":36,"column":14},"end":{"line":36,"column":22}},{"start":{"line":36,"column":26},"end":{"line":36,"column":28}}]},"1":{"loc":{"start":{"line":37,"column":15},"end":{"line":37,"column":30}},"type":"binary-expr","locations":[{"start":{"line":37,"column":15},"end":{"line":37,"column":24}},{"start":{"line":37,"column":28},"end":{"line":37,"column":30}}]},"2":{"loc":{"start":{"line":38,"column":14},"end":{"line":38,"column":28}},"type":"binary-expr","locations":[{"start":{"line":38,"column":14},"end":{"line":38,"column":22}},{"start":{"line":38,"column":26},"end":{"line":38,"column":28}}]},"3":{"loc":{"start":{"line":39,"column":11},"end":{"line":39,"column":22}},"type":"binary-expr","locations":[{"start":{"line":39,"column":11},"end":{"line":39,"column":16}},{"start":{"line":39,"column":20},"end":{"line":39,"column":22}}]},"4":{"loc":{"start":{"line":40,"column":11},"end":{"line":40,"column":22}},"type":"binary-expr","locations":[{"start":{"line":40,"column":11},"end":{"line":40,"column":16}},{"start":{"line":40,"column":20},"end":{"line":40,"column":22}}]}},"s":{"0":1,"1":1,"2":1,"3":0,"4":0,"5":1,"6":1,"7":0,"8":0,"9":0,"10":0,"11":0,"12":1,"13":1,"14":0,"15":0,"16":1},"f":{"0":0,"1":0,"2":0},"b":{"0":[0,0],"1":[0,0],"2":[0,0],"3":[0,0],"4":[0,0]}}
,"C:\\Users\\sonya\\Projects\\front-end\\CRM\\apps\\frontend\\src\\services\\followUps.services.ts": {"path":"C:\\Users\\sonya\\Projects\\front-end\\CRM\\apps\\frontend\\src\\services\\followUps.services.ts","statementMap":{"0":{"start":{"line":2,"column":0},"end":{"line":2,"column":35}},"1":{"start":{"line":3,"column":0},"end":{"line":3,"column":49}},"2":{"start":{"line":11,"column":30},"end":{"line":18,"column":1}},"3":{"start":{"line":14,"column":19},"end":{"line":16,"column":4}},"4":{"start":{"line":17,"column":2},"end":{"line":17,"column":14}},"5":{"start":{"line":11,"column":13},"end":{"line":11,"column":30}},"6":{"start":{"line":27,"column":30},"end":{"line":39,"column":1}},"7":{"start":{"line":31,"column":18},"end":{"line":34,"column":4}},"8":{"start":{"line":36,"column":19},"end":{"line":36,"column":74}},"9":{"start":{"line":38,"column":2},"end":{"line":38,"column":14}},"10":{"start":{"line":27,"column":13},"end":{"line":27,"column":30}},"11":{"start":{"line":47,"column":28},"end":{"line":58,"column":1}},"12":{"start":{"line":51,"column":19},"end":{"line":56,"column":4}},"13":{"start":{"line":57,"column":2},"end":{"line":57,"column":14}},"14":{"start":{"line":47,"column":13},"end":{"line":47,"column":28}}},"fnMap":{"0":{"name":"(anonymous_0)","decl":{"start":{"line":11,"column":30},"end":{"line":11,"column":35}},"loc":{"start":{"line":13,"column":27},"end":{"line":18,"column":1}}},"1":{"name":"(anonymous_1)","decl":{"start":{"line":27,"column":30},"end":{"line":27,"column":35}},"loc":{"start":{"line":30,"column":27},"end":{"line":39,"column":1}}},"2":{"name":"(anonymous_2)","decl":{"start":{"line":47,"column":28},"end":{"line":47,"column":33}},"loc":{"start":{"line":50,"column":29},"end":{"line":58,"column":1}}}},"branchMap":{"0":{"loc":{"start":{"line":49,"column":2},"end":{"line":49,"column":29}},"type":"default-arg","locations":[{"start":{"line":49,"column":24},"end":{"line":49,"column":29}}]}},"s":{"0":1,"1":1,"2":1,"3":0,"4":0,"5":1,"6":1,"7":0,"8":0,"9":0,"10":1,"11":1,"12":0,"13":0,"14":1},"f":{"0":0,"1":0,"2":0},"b":{"0":[0]}}
,"C:\\Users\\sonya\\Projects\\front-end\\CRM\\apps\\frontend\\src\\services\\opportunity.service.ts": {"path":"C:\\Users\\sonya\\Projects\\front-end\\CRM\\apps\\frontend\\src\\services\\opportunity.service.ts","statementMap":{"0":{"start":{"line":1,"column":0},"end":{"line":1,"column":49}},"1":{"start":{"line":2,"column":0},"end":{"line":2,"column":null}},"2":{"start":{"line":7,"column":0},"end":{"line":7,"column":57}},"3":{"start":{"line":8,"column":0},"end":{"line":8,"column":35}},"4":{"start":{"line":16,"column":34},"end":{"line":24,"column":1}},"5":{"start":{"line":19,"column":19},"end":{"line":21,"column":4}},"6":{"start":{"line":23,"column":2},"end":{"line":23,"column":14}},"7":{"start":{"line":16,"column":13},"end":{"line":16,"column":34}},"8":{"start":{"line":34,"column":32},"end":{"line":61,"column":1}},"9":{"start":{"line":43,"column":28},"end":{"line":49,"column":4}},"10":{"start":{"line":51,"column":21},"end":{"line":51,"column":66}},"11":{"start":{"line":52,"column":2},"end":{"line":52,"column":59}},"12":{"start":{"line":54,"column":2},"end":{"line":60,"column":4}},"13":{"start":{"line":34,"column":13},"end":{"line":34,"column":32}},"14":{"start":{"line":70,"column":33},"end":{"line":82,"column":1}},"15":{"start":{"line":74,"column":18},"end":{"line":77,"column":4}},"16":{"start":{"line":79,"column":19},"end":{"line":79,"column":76}},"17":{"start":{"line":81,"column":2},"end":{"line":81,"column":14}},"18":{"start":{"line":70,"column":13},"end":{"line":70,"column":33}},"19":{"start":{"line":84,"column":40},"end":{"line":92,"column":1}},"20":{"start":{"line":87,"column":19},"end":{"line":89,"column":4}},"21":{"start":{"line":91,"column":2},"end":{"line":91,"column":14}},"22":{"start":{"line":84,"column":13},"end":{"line":84,"column":40}},"23":{"start":{"line":100,"column":33},"end":{"line":107,"column":1}},"24":{"start":{"line":103,"column":19},"end":{"line":105,"column":4}},"25":{"start":{"line":106,"column":2},"end":{"line":106,"column":14}},"26":{"start":{"line":100,"column":13},"end":{"line":100,"column":33}},"27":{"start":{"line":115,"column":40},"end":{"line":132,"column":1}},"28":{"start":{"line":118,"column":2},"end":{"line":118,"column":61}},"29":{"start":{"line":120,"column":19},"end":{"line":122,"column":4}},"30":{"start":{"line":125,"column":2},"end":{"line":129,"column":8}},"31":{"start":{"line":126,"column":4},"end":{"line":129,"column":8}},"32":{"start":{"line":126,"column":31},"end":{"line":129,"column":6}},"33":{"start":{"line":131,"column":2},"end":{"line":131,"column":14}},"34":{"start":{"line":115,"column":13},"end":{"line":115,"column":40}},"35":{"start":{"line":139,"column":42},"end":{"line":150,"column":1}},"36":{"start":{"line":142,"column":2},"end":{"line":142,"column":63}},"37":{"start":{"line":144,"column":19},"end":{"line":146,"column":null}},"38":{"start":{"line":149,"column":2},"end":{"line":149,"column":14}},"39":{"start":{"line":139,"column":13},"end":{"line":139,"column":42}},"40":{"start":{"line":152,"column":0},"end":{"line":160,"column":2}}},"fnMap":{"0":{"name":"(anonymous_0)","decl":{"start":{"line":16,"column":34},"end":{"line":16,"column":39}},"loc":{"start":{"line":18,"column":30},"end":{"line":24,"column":1}}},"1":{"name":"(anonymous_1)","decl":{"start":{"line":34,"column":32},"end":{"line":34,"column":37}},"loc":{"start":{"line":42,"column":5},"end":{"line":61,"column":1}}},"2":{"name":"(anonymous_2)","decl":{"start":{"line":70,"column":33},"end":{"line":70,"column":38}},"loc":{"start":{"line":73,"column":30},"end":{"line":82,"column":1}}},"3":{"name":"(anonymous_3)","decl":{"start":{"line":84,"column":40},"end":{"line":84,"column":45}},"loc":{"start":{"line":86,"column":32},"end":{"line":92,"column":1}}},"4":{"name":"(anonymous_4)","decl":{"start":{"line":100,"column":33},"end":{"line":100,"column":38}},"loc":{"start":{"line":102,"column":30},"end":{"line":107,"column":1}}},"5":{"name":"(anonymous_5)","decl":{"start":{"line":115,"column":40},"end":{"line":115,"column":45}},"loc":{"start":{"line":117,"column":29},"end":{"line":132,"column":1}}},"6":{"name":"(anonymous_6)","decl":{"start":{"line":126,"column":20},"end":{"line":126,"column":21}},"loc":{"start":{"line":126,"column":31},"end":{"line":129,"column":6}}},"7":{"name":"(anonymous_7)","decl":{"start":{"line":139,"column":42},"end":{"line":139,"column":47}},"loc":{"start":{"line":141,"column":4},"end":{"line":150,"column":1}}}},"branchMap":{"0":{"loc":{"start":{"line":35,"column":2},"end":{"line":35,"column":18}},"type":"default-arg","locations":[{"start":{"line":35,"column":17},"end":{"line":35,"column":18}}]},"1":{"loc":{"start":{"line":36,"column":2},"end":{"line":36,"column":46}},"type":"default-arg","locations":[{"start":{"line":36,"column":23},"end":{"line":36,"column":46}}]},"2":{"loc":{"start":{"line":37,"column":2},"end":{"line":37,"column":29}},"type":"default-arg","locations":[{"start":{"line":37,"column":24},"end":{"line":37,"column":29}}]},"3":{"loc":{"start":{"line":51,"column":30},"end":{"line":51,"column":65}},"type":"binary-expr","locations":[{"start":{"line":51,"column":30},"end":{"line":51,"column":58}},{"start":{"line":51,"column":62},"end":{"line":51,"column":65}}]},"4":{"loc":{"start":{"line":56,"column":16},"end":{"line":58,"column":12}},"type":"cond-expr","locations":[{"start":{"line":57,"column":8},"end":{"line":57,"column":55}},{"start":{"line":58,"column":8},"end":{"line":58,"column":12}}]},"5":{"loc":{"start":{"line":125,"column":2},"end":{"line":129,"column":8}},"type":"if","locations":[{"start":{"line":125,"column":2},"end":{"line":129,"column":8}}]},"6":{"loc":{"start":{"line":128,"column":13},"end":{"line":128,"column":72}},"type":"binary-expr","locations":[{"start":{"line":128,"column":13},"end":{"line":128,"column":58}},{"start":{"line":128,"column":62},"end":{"line":128,"column":72}}]}},"s":{"0":1,"1":1,"2":1,"3":1,"4":1,"5":0,"6":0,"7":1,"8":1,"9":0,"10":0,"11":0,"12":0,"13":1,"14":1,"15":0,"16":0,"17":0,"18":1,"19":1,"20":0,"21":0,"22":1,"23":1,"24":0,"25":0,"26":1,"27":1,"28":0,"29":0,"30":0,"31":0,"32":0,"33":0,"34":1,"35":1,"36":0,"37":0,"38":0,"39":1,"40":1},"f":{"0":0,"1":0,"2":0,"3":0,"4":0,"5":0,"6":0,"7":0},"b":{"0":[0],"1":[0],"2":[0],"3":[0,0],"4":[0,0],"5":[0],"6":[0,0]}}
,"C:\\Users\\sonya\\Projects\\front-end\\CRM\\apps\\frontend\\src\\types\\api.types.ts": {"path":"C:\\Users\\sonya\\Projects\\front-end\\CRM\\apps\\frontend\\src\\types\\api.types.ts","statementMap":{"0":{"start":{"line":7,"column":0},"end":{"line":7,"column":null}},"1":{"start":{"line":8,"column":2},"end":{"line":8,"column":null}},"2":{"start":{"line":9,"column":2},"end":{"line":9,"column":null}},"3":{"start":{"line":10,"column":2},"end":{"line":10,"column":null}},"4":{"start":{"line":11,"column":2},"end":{"line":11,"column":null}},"5":{"start":{"line":12,"column":2},"end":{"line":12,"column":null}},"6":{"start":{"line":22,"column":0},"end":{"line":22,"column":null}},"7":{"start":{"line":23,"column":2},"end":{"line":23,"column":null}},"8":{"start":{"line":25,"column":2},"end":{"line":25,"column":null}},"9":{"start":{"line":26,"column":2},"end":{"line":26,"column":null}},"10":{"start":{"line":27,"column":2},"end":{"line":27,"column":null}},"11":{"start":{"line":28,"column":2},"end":{"line":28,"column":null}},"12":{"start":{"line":30,"column":2},"end":{"line":30,"column":null}},"13":{"start":{"line":31,"column":2},"end":{"line":31,"column":null}},"14":{"start":{"line":32,"column":2},"end":{"line":32,"column":null}},"15":{"start":{"line":33,"column":2},"end":{"line":33,"column":null}},"16":{"start":{"line":35,"column":2},"end":{"line":35,"column":null}},"17":{"start":{"line":36,"column":2},"end":{"line":36,"column":null}},"18":{"start":{"line":37,"column":2},"end":{"line":37,"column":null}},"19":{"start":{"line":38,"column":2},"end":{"line":38,"column":null}},"20":{"start":{"line":39,"column":2},"end":{"line":39,"column":null}},"21":{"start":{"line":41,"column":2},"end":{"line":41,"column":null}},"22":{"start":{"line":42,"column":2},"end":{"line":42,"column":null}},"23":{"start":{"line":43,"column":2},"end":{"line":43,"column":null}},"24":{"start":{"line":44,"column":2},"end":{"line":44,"column":null}},"25":{"start":{"line":46,"column":2},"end":{"line":46,"column":null}},"26":{"start":{"line":47,"column":2},"end":{"line":47,"column":null}},"27":{"start":{"line":51,"column":13},"end":{"line":78,"column":2}},"28":{"start":{"line":81,"column":13},"end":{"line":107,"column":2}}},"fnMap":{"0":{"name":"(anonymous_0)","decl":{"start":{"line":7,"column":0},"end":{"line":7,"column":12}},"loc":{"start":{"line":7,"column":22},"end":{"line":13,"column":1}}},"1":{"name":"(anonymous_1)","decl":{"start":{"line":22,"column":0},"end":{"line":22,"column":12}},"loc":{"start":{"line":22,"column":23},"end":{"line":48,"column":1}}}},"branchMap":{"0":{"loc":{"start":{"line":7,"column":12},"end":{"line":7,"column":null}},"type":"binary-expr","locations":[{"start":{"line":7,"column":12},"end":{"line":7,"column":22}},{"start":{"line":7,"column":22},"end":{"line":7,"column":null}}]},"1":{"loc":{"start":{"line":22,"column":12},"end":{"line":22,"column":null}},"type":"binary-expr","locations":[{"start":{"line":22,"column":12},"end":{"line":22,"column":23}},{"start":{"line":22,"column":23},"end":{"line":22,"column":null}}]}},"s":{"0":1,"1":1,"2":1,"3":1,"4":1,"5":1,"6":1,"7":1,"8":1,"9":1,"10":1,"11":1,"12":1,"13":1,"14":1,"15":1,"16":1,"17":1,"18":1,"19":1,"20":1,"21":1,"22":1,"23":1,"24":1,"25":1,"26":1,"27":1,"28":1},"f":{"0":1,"1":1},"b":{"0":[1,1],"1":[1,1]}}
,"C:\\Users\\sonya\\Projects\\front-end\\CRM\\apps\\frontend\\src\\types\\followUps.types.ts": {"path":"C:\\Users\\sonya\\Projects\\front-end\\CRM\\apps\\frontend\\src\\types\\followUps.types.ts","statementMap":{"0":{"start":{"line":1,"column":0},"end":{"line":1,"column":null}},"1":{"start":{"line":2,"column":2},"end":{"line":2,"column":null}},"2":{"start":{"line":3,"column":2},"end":{"line":3,"column":null}},"3":{"start":{"line":4,"column":2},"end":{"line":4,"column":null}}},"fnMap":{"0":{"name":"(anonymous_0)","decl":{"start":{"line":1,"column":0},"end":{"line":1,"column":12}},"loc":{"start":{"line":1,"column":23},"end":{"line":5,"column":1}}}},"branchMap":{"0":{"loc":{"start":{"line":1,"column":12},"end":{"line":1,"column":null}},"type":"binary-expr","locations":[{"start":{"line":1,"column":12},"end":{"line":1,"column":23}},{"start":{"line":1,"column":23},"end":{"line":1,"column":null}}]}},"s":{"0":1,"1":1,"2":1,"3":1},"f":{"0":1},"b":{"0":[1,1]}}
,"C:\\Users\\sonya\\Projects\\front-end\\CRM\\apps\\frontend\\src\\types\\opportunity.types.ts": {"path":"C:\\Users\\sonya\\Projects\\front-end\\CRM\\apps\\frontend\\src\\types\\opportunity.types.ts","statementMap":{"0":{"start":{"line":1,"column":0},"end":{"line":1,"column":null}},"1":{"start":{"line":2,"column":2},"end":{"line":2,"column":null}},"2":{"start":{"line":3,"column":2},"end":{"line":3,"column":null}},"3":{"start":{"line":4,"column":2},"end":{"line":4,"column":null}},"4":{"start":{"line":5,"column":2},"end":{"line":5,"column":null}},"5":{"start":{"line":8,"column":13},"end":{"line":16,"column":2}},"6":{"start":{"line":18,"column":0},"end":{"line":18,"column":null}},"7":{"start":{"line":19,"column":2},"end":{"line":19,"column":null}},"8":{"start":{"line":20,"column":2},"end":{"line":20,"column":null}},"9":{"start":{"line":21,"column":2},"end":{"line":21,"column":null}},"10":{"start":{"line":22,"column":2},"end":{"line":22,"column":null}},"11":{"start":{"line":25,"column":13},"end":{"line":30,"column":2}},"12":{"start":{"line":44,"column":13},"end":{"line":49,"column":2}}},"fnMap":{"0":{"name":"(anonymous_0)","decl":{"start":{"line":1,"column":0},"end":{"line":1,"column":12}},"loc":{"start":{"line":1,"column":35},"end":{"line":6,"column":1}}},"1":{"name":"(anonymous_1)","decl":{"start":{"line":18,"column":0},"end":{"line":18,"column":12}},"loc":{"start":{"line":18,"column":29},"end":{"line":23,"column":1}}}},"branchMap":{"0":{"loc":{"start":{"line":1,"column":12},"end":{"line":1,"column":null}},"type":"binary-expr","locations":[{"start":{"line":1,"column":12},"end":{"line":1,"column":35}},{"start":{"line":1,"column":35},"end":{"line":1,"column":null}}]},"1":{"loc":{"start":{"line":18,"column":12},"end":{"line":18,"column":null}},"type":"binary-expr","locations":[{"start":{"line":18,"column":12},"end":{"line":18,"column":29}},{"start":{"line":18,"column":29},"end":{"line":18,"column":null}}]}},"s":{"0":1,"1":1,"2":1,"3":1,"4":1,"5":1,"6":1,"7":1,"8":1,"9":1,"10":1,"11":1,"12":1},"f":{"0":1,"1":1},"b":{"0":[1,1],"1":[1,1]}}
,"C:\\Users\\sonya\\Projects\\front-end\\CRM\\apps\\frontend\\src\\utils\\const.ts": {"path":"C:\\Users\\sonya\\Projects\\front-end\\CRM\\apps\\frontend\\src\\utils\\const.ts","statementMap":{"0":{"start":{"line":1,"column":13},"end":{"line":1,"column":33}},"1":{"start":{"line":2,"column":13},"end":{"line":2,"column":36}},"2":{"start":{"line":3,"column":13},"end":{"line":3,"column":42}}},"fnMap":{},"branchMap":{},"s":{"0":1,"1":1,"2":1},"f":{},"b":{}}
,"C:\\Users\\sonya\\Projects\\front-end\\CRM\\apps\\frontend\\src\\utils\\dates.ts": {"path":"C:\\Users\\sonya\\Projects\\front-end\\CRM\\apps\\frontend\\src\\utils\\dates.ts","statementMap":{"0":{"start":{"line":1,"column":26},"end":{"line":6,"column":1}},"1":{"start":{"line":2,"column":15},"end":{"line":2,"column":33}},"2":{"start":{"line":3,"column":16},"end":{"line":3,"column":60}},"3":{"start":{"line":4,"column":14},"end":{"line":4,"column":53}},"4":{"start":{"line":5,"column":2},"end":{"line":5,"column":35}},"5":{"start":{"line":1,"column":13},"end":{"line":1,"column":26}}},"fnMap":{"0":{"name":"(anonymous_0)","decl":{"start":{"line":1,"column":26},"end":{"line":1,"column":27}},"loc":{"start":{"line":1,"column":41},"end":{"line":6,"column":1}}}},"branchMap":{},"s":{"0":1,"1":0,"2":0,"3":0,"4":0,"5":1},"f":{"0":0},"b":{}}
}
