TN:
SF:src\router.tsx
FN:55,(anonymous_1)
FNF:1
FNH:0
FNDA:0,(anonymous_1)
DA:1,1
DA:2,1
DA:3,1
DA:4,1
DA:5,1
DA:6,1
DA:7,1
DA:8,1
DA:9,1
DA:10,1
DA:11,1
DA:12,1
DA:53,1
DA:55,1
DA:56,0
DA:59,1
DA:60,1
LF:17
LH:16
BRF:0
BRH:0
end_of_record
TN:
SF:src\components\clients\ChientChip\ClientChip.tsx
FN:6,(anonymous_1)
FNF:1
FNH:0
FNDA:0,(anonymous_1)
DA:1,1
DA:2,1
DA:3,1
DA:4,1
DA:6,1
DA:7,0
DA:9,0
DA:11,0
DA:13,0
DA:15,0
DA:18,1
LF:11
LH:6
BRDA:9,0,0,0
BRDA:11,1,0,0
BRDA:13,2,0,0
BRDA:13,2,1,0
BRF:4
BRH:0
end_of_record
TN:
SF:src\components\clients\ChientChip\index.ts
FNF:0
FNH:0
DA:1,1
LF:1
LH:1
BRF:0
BRH:0
end_of_record
TN:
SF:src\components\clients\ClientTable\ClientTable.tsx
FN:29,(anonymous_1)
FN:40,(anonymous_2)
FN:44,(anonymous_3)
FN:51,(anonymous_4)
FN:58,(anonymous_5)
FN:63,(anonymous_6)
FN:73,(anonymous_7)
FN:75,(anonymous_8)
FN:84,(anonymous_9)
FN:94,(anonymous_10)
FN:104,(anonymous_11)
FN:113,(anonymous_12)
FN:121,(anonymous_13)
FN:160,(anonymous_14)
FNF:14
FNH:0
FNDA:0,(anonymous_1)
FNDA:0,(anonymous_2)
FNDA:0,(anonymous_3)
FNDA:0,(anonymous_4)
FNDA:0,(anonymous_5)
FNDA:0,(anonymous_6)
FNDA:0,(anonymous_7)
FNDA:0,(anonymous_8)
FNDA:0,(anonymous_9)
FNDA:0,(anonymous_10)
FNDA:0,(anonymous_11)
FNDA:0,(anonymous_12)
FNDA:0,(anonymous_13)
FNDA:0,(anonymous_14)
DA:1,1
DA:2,1
DA:3,1
DA:11,1
DA:12,1
DA:13,1
DA:14,1
DA:15,1
DA:16,1
DA:17,1
DA:21,1
DA:29,1
DA:32,0
DA:33,0
DA:35,0
DA:36,0
DA:38,0
DA:40,0
DA:41,0
DA:45,0
DA:51,0
DA:52,0
DA:58,0
DA:59,0
DA:60,0
DA:63,0
DA:73,0
DA:74,0
DA:75,0
DA:84,0
DA:91,0
DA:94,0
DA:99,0
DA:105,0
DA:114,0
DA:122,0
DA:127,0
DA:128,0
DA:142,0
DA:143,0
DA:146,0
DA:161,0
DA:185,1
LF:43
LH:13
BRDA:38,0,0,0
BRDA:38,0,1,0
BRDA:127,1,0,0
BRDA:142,2,0,0
BRDA:149,3,0,0
BRDA:149,3,1,0
BRDA:150,4,0,0
BRDA:150,4,1,0
BRDA:158,5,0,0
BRDA:158,5,1,0
BRF:10
BRH:0
end_of_record
TN:
SF:src\components\clients\ClientTable\ClientTable.types.tsx
FNF:0
FNH:0
DA:5,1
DA:49,1
LF:2
LH:2
BRF:0
BRH:0
end_of_record
TN:
SF:src\components\clients\EditClientModal\EditClientModal.tsx
FN:26,(anonymous_1)
FN:44,(anonymous_2)
FN:48,(anonymous_3)
FN:52,(anonymous_4)
FN:55,(anonymous_5)
FN:62,(anonymous_6)
FN:67,(anonymous_7)
FN:71,(anonymous_8)
FN:75,(anonymous_9)
FN:116,(anonymous_10)
FN:125,(anonymous_11)
FN:147,(anonymous_12)
FN:150,(anonymous_13)
FN:189,(anonymous_14)
FN:211,(anonymous_15)
FN:217,(anonymous_16)
FN:223,(anonymous_17)
FN:236,(anonymous_18)
FNF:18
FNH:0
FNDA:0,(anonymous_1)
FNDA:0,(anonymous_2)
FNDA:0,(anonymous_3)
FNDA:0,(anonymous_4)
FNDA:0,(anonymous_5)
FNDA:0,(anonymous_6)
FNDA:0,(anonymous_7)
FNDA:0,(anonymous_8)
FNDA:0,(anonymous_9)
FNDA:0,(anonymous_10)
FNDA:0,(anonymous_11)
FNDA:0,(anonymous_12)
FNDA:0,(anonymous_13)
FNDA:0,(anonymous_14)
FNDA:0,(anonymous_15)
FNDA:0,(anonymous_16)
FNDA:0,(anonymous_17)
FNDA:0,(anonymous_18)
DA:1,1
DA:12,1
DA:13,1
DA:14,1
DA:15,1
DA:16,1
DA:17,1
DA:26,1
DA:31,0
DA:32,0
DA:34,0
DA:35,0
DA:37,0
DA:41,0
DA:42,0
DA:44,0
DA:45,0
DA:48,0
DA:49,0
DA:53,0
DA:56,0
DA:62,0
DA:63,0
DA:64,0
DA:67,0
DA:68,0
DA:72,0
DA:73,0
DA:76,0
DA:82,0
DA:84,0
DA:117,0
DA:126,0
DA:148,0
DA:150,0
DA:189,0
DA:212,0
DA:213,0
DA:218,0
DA:224,0
DA:236,0
DA:251,1
LF:42
LH:9
BRDA:82,0,0,0
BRDA:123,1,0,0
BRDA:123,1,1,0
BRDA:131,2,0,0
BRDA:131,2,1,0
BRDA:143,3,0,0
BRDA:143,3,1,0
BRDA:177,4,0,0
BRDA:177,4,1,0
BRDA:186,5,0,0
BRDA:186,5,1,0
BRF:11
BRH:0
end_of_record
TN:
SF:src\components\common\Header.tsx
FN:13,(anonymous_1)
FN:27,(anonymous_2)
FNF:2
FNH:1
FNDA:5,(anonymous_1)
FNDA:0,(anonymous_2)
DA:1,1
DA:2,1
DA:3,1
DA:4,1
DA:13,1
DA:19,5
DA:21,0
DA:28,0
DA:65,1
LF:9
LH:7
BRDA:19,0,0,5
BRDA:29,1,0,0
BRDA:29,1,1,0
BRDA:30,2,0,0
BRDA:30,2,1,0
BRDA:35,3,0,0
BRDA:35,3,1,0
BRDA:42,4,0,0
BRDA:42,4,1,0
BRDA:51,5,0,0
BRDA:51,5,1,0
BRF:11
BRH:1
end_of_record
TN:
SF:src\components\common\SideBar.tsx
FN:23,(anonymous_1)
FN:63,(anonymous_2)
FN:64,(anonymous_3)
FN:69,(anonymous_4)
FN:70,(anonymous_5)
FN:76,(anonymous_6)
FNF:6
FNH:3
FNDA:5,(anonymous_1)
FNDA:35,(anonymous_2)
FNDA:15,(anonymous_3)
FNDA:0,(anonymous_4)
FNDA:0,(anonymous_5)
FNDA:0,(anonymous_6)
DA:1,1
DA:2,1
DA:12,1
DA:13,1
DA:14,1
DA:23,1
DA:29,5
DA:31,5
DA:63,35
DA:65,15
DA:69,0
DA:73,0
DA:79,0
DA:111,1
LF:14
LH:11
BRDA:33,0,0,0
BRDA:33,0,1,5
BRDA:34,1,0,0
BRDA:34,1,1,5
BRDA:74,2,0,0
BRDA:74,2,1,0
BRDA:80,3,0,0
BRDA:80,3,1,0
BRDA:84,4,0,5
BRDA:84,4,1,10
BRDA:93,5,0,15
BRDA:93,5,1,15
BRF:12
BRH:6
end_of_record
TN:
SF:src\components\common\alerts\ErrorAlert.tsx
FN:8,(anonymous_0)
FNF:1
FNH:1
FNDA:4,(anonymous_0)
DA:1,1
DA:8,1
DA:12,4
DA:20,1
LF:4
LH:4
BRDA:9,0,0,4
BRDA:10,1,0,4
BRF:2
BRH:2
end_of_record
TN:
SF:src\components\common\alerts\index.ts
FNF:0
FNH:0
DA:1,1
LF:1
LH:1
BRF:0
BRH:0
end_of_record
TN:
SF:src\components\followUps\ContactChip\ContactChip.tsx
FN:6,(anonymous_1)
FNF:1
FNH:0
FNDA:0,(anonymous_1)
DA:1,1
DA:2,1
DA:3,1
DA:4,1
DA:6,1
DA:7,0
DA:9,0
DA:11,0
DA:13,0
DA:15,0
DA:18,1
LF:11
LH:6
BRDA:9,0,0,0
BRDA:11,1,0,0
BRDA:13,2,0,0
BRDA:13,2,1,0
BRF:4
BRH:0
end_of_record
TN:
SF:src\components\followUps\ContactChip\index.ts
FNF:0
FNH:0
DA:1,1
LF:1
LH:1
BRF:0
BRH:0
end_of_record
TN:
SF:src\components\followUps\ContactTypeChip\ContactTypeChip.tsx
FN:17,(anonymous_1)
FNF:1
FNH:0
FNDA:0,(anonymous_1)
DA:1,1
DA:2,1
DA:11,1
DA:17,1
DA:18,0
DA:21,1
LF:6
LH:5
BRF:0
BRH:0
end_of_record
TN:
SF:src\components\followUps\ContactTypeChip\index.ts
FNF:0
FNH:0
DA:1,1
LF:1
LH:1
BRF:0
BRH:0
end_of_record
TN:
SF:src\components\followUps\CreateFollowUps\CreateFollowUps.tsx
FN:25,(anonymous_1)
FN:54,(anonymous_2)
FN:60,(anonymous_3)
FN:74,(anonymous_4)
FN:77,(anonymous_5)
FN:112,(anonymous_6)
FN:124,(anonymous_7)
FN:140,(anonymous_8)
FN:165,(anonymous_9)
FN:175,(anonymous_10)
FN:193,(anonymous_11)
FN:210,(anonymous_12)
FNF:12
FNH:0
FNDA:0,(anonymous_1)
FNDA:0,(anonymous_2)
FNDA:0,(anonymous_3)
FNDA:0,(anonymous_4)
FNDA:0,(anonymous_5)
FNDA:0,(anonymous_6)
FNDA:0,(anonymous_7)
FNDA:0,(anonymous_8)
FNDA:0,(anonymous_9)
FNDA:0,(anonymous_10)
FNDA:0,(anonymous_11)
FNDA:0,(anonymous_12)
DA:1,1
DA:2,1
DA:11,1
DA:12,1
DA:13,1
DA:14,1
DA:16,1
DA:25,1
DA:31,0
DA:32,0
DA:39,0
DA:54,0
DA:55,0
DA:56,0
DA:60,0
DA:66,0
DA:73,0
DA:75,0
DA:78,0
DA:82,0
DA:113,0
DA:125,0
DA:141,0
DA:166,0
DA:176,0
DA:194,0
DA:211,0
DA:249,1
LF:28
LH:9
BRDA:55,0,0,0
BRDA:161,1,0,0
BRDA:161,1,1,0
BRDA:161,2,0,0
BRDA:161,2,1,0
BRDA:174,3,0,0
BRDA:174,3,1,0
BRDA:174,4,0,0
BRDA:174,4,1,0
BRDA:237,5,0,0
BRDA:237,5,1,0
BRF:11
BRH:0
end_of_record
TN:
SF:src\components\followUps\FollowUpsTable\FollowUpsTable.tsx
FN:33,(anonymous_1)
FN:50,(anonymous_2)
FN:54,(anonymous_3)
FN:57,(anonymous_4)
FN:66,(anonymous_5)
FN:71,(anonymous_6)
FN:77,(anonymous_7)
FN:82,(anonymous_8)
FN:89,(anonymous_9)
FN:91,(anonymous_10)
FN:100,(anonymous_11)
FN:102,(anonymous_12)
FN:111,(anonymous_13)
FN:113,(anonymous_14)
FN:124,(anonymous_15)
FN:133,(anonymous_16)
FN:141,(anonymous_17)
FNF:17
FNH:0
FNDA:0,(anonymous_1)
FNDA:0,(anonymous_2)
FNDA:0,(anonymous_3)
FNDA:0,(anonymous_4)
FNDA:0,(anonymous_5)
FNDA:0,(anonymous_6)
FNDA:0,(anonymous_7)
FNDA:0,(anonymous_8)
FNDA:0,(anonymous_9)
FNDA:0,(anonymous_10)
FNDA:0,(anonymous_11)
FNDA:0,(anonymous_12)
FNDA:0,(anonymous_13)
FNDA:0,(anonymous_14)
FNDA:0,(anonymous_15)
FNDA:0,(anonymous_16)
FNDA:0,(anonymous_17)
DA:1,1
DA:2,1
DA:3,1
DA:4,1
DA:17,1
DA:18,1
DA:19,1
DA:20,1
DA:21,1
DA:22,1
DA:33,1
DA:42,0
DA:44,0
DA:45,0
DA:46,0
DA:48,0
DA:50,0
DA:51,0
DA:55,0
DA:59,0
DA:60,0
DA:66,0
DA:67,0
DA:68,0
DA:71,0
DA:72,0
DA:73,0
DA:77,0
DA:78,0
DA:79,0
DA:82,0
DA:83,0
DA:89,0
DA:90,0
DA:91,0
DA:100,0
DA:101,0
DA:102,0
DA:111,0
DA:112,0
DA:113,0
DA:119,0
DA:125,0
DA:134,0
DA:142,0
DA:147,0
DA:148,0
DA:162,0
DA:163,0
DA:166,0
DA:221,1
LF:51
LH:12
BRDA:72,0,0,0
BRDA:147,1,0,0
BRDA:162,2,0,0
BRDA:169,3,0,0
BRDA:169,3,1,0
BRDA:170,4,0,0
BRDA:170,4,1,0
BRDA:197,5,0,0
BRDA:197,5,1,0
BRF:9
BRH:0
end_of_record
TN:
SF:src\components\followUps\FollowUpsTable\FollowUpsTable.types.tsx
FN:19,(anonymous_0)
FN:26,(anonymous_1)
FN:33,(anonymous_2)
FNF:3
FNH:0
FNDA:0,(anonymous_0)
FNDA:0,(anonymous_1)
FNDA:0,(anonymous_2)
DA:7,1
DA:8,1
DA:11,1
DA:20,0
DA:26,0
DA:34,0
DA:54,1
LF:7
LH:4
BRDA:34,0,0,0
BRDA:34,0,1,0
BRF:2
BRH:0
end_of_record
TN:
SF:src\components\followUps\FollowUpsTable\index.ts
FNF:0
FNH:0
DA:1,1
LF:1
LH:1
BRF:0
BRH:0
end_of_record
TN:
SF:src\components\opportunity\BusinessTypeChip\BusinessTypeChip.tsx
FN:21,(anonymous_1)
FNF:1
FNH:0
FNDA:0,(anonymous_1)
DA:1,1
DA:2,1
DA:14,1
DA:21,1
DA:22,0
DA:30,1
LF:6
LH:5
BRF:0
BRH:0
end_of_record
TN:
SF:src\components\opportunity\BusinessTypeChip\index.ts
FNF:0
FNH:0
DA:1,1
LF:1
LH:1
BRF:0
BRH:0
end_of_record
TN:
SF:src\components\opportunity\EditOpportunityModal\EditOpportunityModal.tsx
FN:28,(anonymous_1)
FN:45,(anonymous_2)
FN:56,(anonymous_3)
FN:60,(anonymous_4)
FN:61,(anonymous_5)
FN:97,(anonymous_6)
FN:100,(anonymous_7)
FN:119,(anonymous_8)
FN:136,(anonymous_9)
FN:155,(anonymous_10)
FN:180,(anonymous_11)
FN:198,(anonymous_12)
FN:201,(anonymous_13)
FNF:13
FNH:0
FNDA:0,(anonymous_1)
FNDA:0,(anonymous_2)
FNDA:0,(anonymous_3)
FNDA:0,(anonymous_4)
FNDA:0,(anonymous_5)
FNDA:0,(anonymous_6)
FNDA:0,(anonymous_7)
FNDA:0,(anonymous_8)
FNDA:0,(anonymous_9)
FNDA:0,(anonymous_10)
FNDA:0,(anonymous_11)
FNDA:0,(anonymous_12)
FNDA:0,(anonymous_13)
DA:1,1
DA:11,1
DA:12,1
DA:13,1
DA:14,1
DA:15,1
DA:20,1
DA:28,1
DA:33,0
DA:34,0
DA:41,0
DA:45,0
DA:46,0
DA:47,0
DA:56,0
DA:57,0
DA:60,0
DA:61,0
DA:66,0
DA:68,0
DA:98,0
DA:101,0
DA:120,0
DA:137,0
DA:156,0
DA:181,0
DA:199,0
DA:202,0
DA:241,1
LF:29
LH:9
BRDA:46,0,0,0
BRDA:49,1,0,0
BRDA:49,1,1,0
BRDA:66,2,0,0
BRDA:230,3,0,0
BRDA:230,3,1,0
BRF:6
BRH:0
end_of_record
TN:
SF:src\components\opportunity\OpportunityStatusChip\OpportunityStatusChip.tsx
FN:21,(anonymous_1)
FNF:1
FNH:0
FNDA:0,(anonymous_1)
DA:1,1
DA:2,1
DA:14,1
DA:21,1
DA:24,0
DA:27,1
LF:6
LH:5
BRF:0
BRH:0
end_of_record
TN:
SF:src\components\opportunity\OpportunityStatusChip\index.ts
FNF:0
FNH:0
DA:1,1
LF:1
LH:1
BRF:0
BRH:0
end_of_record
TN:
SF:src\components\opportunity\OpportunityTable\OpportunityTable.tsx
FN:35,(anonymous_1)
FN:50,(anonymous_2)
FN:54,(anonymous_3)
FN:57,(anonymous_4)
FN:66,(anonymous_5)
FN:71,(anonymous_6)
FN:77,(anonymous_7)
FN:81,(anonymous_8)
FN:86,(anonymous_9)
FN:91,(anonymous_10)
FN:99,(anonymous_11)
FN:105,(anonymous_12)
FN:112,(anonymous_13)
FN:114,(anonymous_14)
FN:120,(anonymous_15)
FN:124,(anonymous_16)
FN:136,(anonymous_17)
FN:145,(anonymous_18)
FN:153,(anonymous_19)
FN:192,(anonymous_20)
FNF:20
FNH:0
FNDA:0,(anonymous_1)
FNDA:0,(anonymous_2)
FNDA:0,(anonymous_3)
FNDA:0,(anonymous_4)
FNDA:0,(anonymous_5)
FNDA:0,(anonymous_6)
FNDA:0,(anonymous_7)
FNDA:0,(anonymous_8)
FNDA:0,(anonymous_9)
FNDA:0,(anonymous_10)
FNDA:0,(anonymous_11)
FNDA:0,(anonymous_12)
FNDA:0,(anonymous_13)
FNDA:0,(anonymous_14)
FNDA:0,(anonymous_15)
FNDA:0,(anonymous_16)
FNDA:0,(anonymous_17)
FNDA:0,(anonymous_18)
FNDA:0,(anonymous_19)
FNDA:0,(anonymous_20)
DA:1,1
DA:2,1
DA:3,1
DA:4,1
DA:17,1
DA:18,1
DA:19,1
DA:20,1
DA:21,1
DA:22,1
DA:23,1
DA:24,1
DA:28,1
DA:35,1
DA:37,0
DA:38,0
DA:39,0
DA:40,0
DA:41,0
DA:45,0
DA:46,0
DA:48,0
DA:50,0
DA:51,0
DA:55,0
DA:59,0
DA:60,0
DA:66,0
DA:67,0
DA:68,0
DA:71,0
DA:72,0
DA:73,0
DA:77,0
DA:78,0
DA:81,0
DA:82,0
DA:83,0
DA:86,0
DA:87,0
DA:88,0
DA:91,0
DA:92,0
DA:93,0
DA:99,0
DA:100,0
DA:102,0
DA:105,0
DA:112,0
DA:113,0
DA:114,0
DA:120,0
DA:121,0
DA:124,0
DA:131,0
DA:137,0
DA:146,0
DA:154,0
DA:159,0
DA:160,0
DA:174,0
DA:175,0
DA:178,0
DA:193,0
DA:253,1
LF:65
LH:15
BRDA:48,0,0,0
BRDA:48,0,1,0
BRDA:72,1,0,0
BRDA:159,2,0,0
BRDA:174,3,0,0
BRDA:181,4,0,0
BRDA:181,4,1,0
BRDA:190,5,0,0
BRDA:190,5,1,0
BRDA:220,6,0,0
BRDA:220,6,1,0
BRDA:242,7,0,0
BRDA:242,7,1,0
BRF:13
BRH:0
end_of_record
TN:
SF:src\components\opportunity\OpportunityTable\OpportunityTable.types.tsx
FN:20,(anonymous_0)
FN:35,(anonymous_1)
FN:50,(anonymous_2)
FN:59,(anonymous_3)
FN:66,(anonymous_4)
FNF:5
FNH:0
FNDA:0,(anonymous_0)
FNDA:0,(anonymous_1)
FNDA:0,(anonymous_2)
FNDA:0,(anonymous_3)
FNDA:0,(anonymous_4)
DA:7,1
DA:8,1
DA:9,1
DA:12,1
DA:21,0
DA:36,0
DA:51,0
DA:59,0
DA:66,0
DA:77,1
LF:10
LH:5
BRDA:66,0,0,0
BRDA:66,0,1,0
BRF:2
BRH:0
end_of_record
TN:
SF:src\components\opportunity\OpportunityTable\index.ts
FNF:0
FNH:0
DA:1,1
LF:1
LH:1
BRF:0
BRH:0
end_of_record
TN:
SF:src\components\overview\OpportunityBarChart\OpportunityBarChart.tsx
FN:30,(anonymous_1)
FN:37,(anonymous_2)
FNF:2
FNH:1
FNDA:7,(anonymous_1)
FNDA:0,(anonymous_2)
DA:1,1
DA:2,1
DA:3,1
DA:4,1
DA:5,1
DA:6,1
DA:8,1
DA:30,1
DA:31,7
DA:33,7
DA:35,6
DA:37,4
DA:43,4
DA:110,1
LF:14
LH:14
BRDA:33,0,0,1
BRDA:35,1,0,2
BRDA:37,2,0,4
BRDA:37,2,1,0
BRDA:40,3,0,0
BRDA:40,3,1,0
BRF:6
BRH:3
end_of_record
TN:
SF:src\components\overview\OpportunityBarChart\index.ts
FNF:0
FNH:0
DA:1,1
LF:1
LH:1
BRF:0
BRH:0
end_of_record
TN:
SF:src\components\overview\OpportunityPieChart\OpportunityPieChart.tsx
FN:13,(anonymous_1)
FNF:1
FNH:1
FNDA:14,(anonymous_1)
DA:1,1
DA:2,1
DA:3,1
DA:4,1
DA:6,1
DA:13,1
DA:17,14
DA:19,14
DA:21,14
DA:23,12
DA:25,10
LF:11
LH:11
BRDA:21,0,0,2
BRDA:23,1,0,2
BRDA:47,2,0,10
BRDA:47,2,1,0
BRF:4
BRH:3
end_of_record
TN:
SF:src\components\overview\OpportunityPieChart\index.ts
FNF:0
FNH:0
DA:1,1
LF:1
LH:1
BRF:0
BRH:0
end_of_record
TN:
SF:src\hooks\clients\useCreateClients.ts
FN:11,(anonymous_0)
FN:15,(anonymous_1)
FN:18,(anonymous_2)
FN:21,(anonymous_3)
FNF:4
FNH:0
FNDA:0,(anonymous_0)
FNDA:0,(anonymous_1)
FNDA:0,(anonymous_2)
FNDA:0,(anonymous_3)
DA:1,1
DA:2,1
DA:3,1
DA:11,1
DA:12,0
DA:14,0
DA:16,0
DA:19,0
DA:22,0
LF:9
LH:4
BRF:0
BRH:0
end_of_record
TN:
SF:src\hooks\clients\useGetAllClients.ts
FN:6,(anonymous_0)
FN:9,(anonymous_1)
FNF:2
FNH:0
FNDA:0,(anonymous_0)
FNDA:0,(anonymous_1)
DA:1,1
DA:2,1
DA:3,1
DA:6,1
DA:7,0
DA:10,0
DA:15,1
LF:7
LH:5
BRF:0
BRH:0
end_of_record
TN:
SF:src\hooks\clients\useGetClientById.ts
FN:5,(anonymous_0)
FN:8,(anonymous_1)
FNF:2
FNH:0
FNDA:0,(anonymous_0)
FNDA:0,(anonymous_1)
DA:1,1
DA:2,1
DA:3,1
DA:5,1
DA:6,0
DA:9,0
DA:14,1
LF:7
LH:5
BRF:0
BRH:0
end_of_record
TN:
SF:src\hooks\clients\useGetClients.ts
FN:6,(anonymous_0)
FN:9,(anonymous_1)
FNF:2
FNH:0
FNDA:0,(anonymous_0)
FNDA:0,(anonymous_1)
DA:1,1
DA:2,1
DA:3,1
DA:4,1
DA:6,1
DA:7,0
DA:10,0
DA:16,1
LF:8
LH:6
BRDA:6,0,0,0
BRF:1
BRH:0
end_of_record
TN:
SF:src\hooks\clients\useUpdateClients.ts
FN:9,(anonymous_0)
FN:13,(anonymous_1)
FN:22,(anonymous_2)
FN:25,(anonymous_3)
FNF:4
FNH:0
FNDA:0,(anonymous_0)
FNDA:0,(anonymous_1)
FNDA:0,(anonymous_2)
FNDA:0,(anonymous_3)
DA:1,1
DA:2,1
DA:3,1
DA:9,1
DA:10,0
DA:12,0
DA:20,0
DA:23,0
DA:26,0
DA:31,1
LF:10
LH:5
BRF:0
BRH:0
end_of_record
TN:
SF:src\hooks\contact\useCreateContact.ts
FN:8,(anonymous_0)
FN:10,(anonymous_1)
FN:13,(anonymous_2)
FNF:3
FNH:0
FNDA:0,(anonymous_0)
FNDA:0,(anonymous_1)
FNDA:0,(anonymous_2)
DA:1,1
DA:2,1
DA:8,1
DA:9,0
DA:11,0
DA:14,0
LF:6
LH:3
BRF:0
BRH:0
end_of_record
TN:
SF:src\hooks\contact\useGetContactByClientId.ts
FN:5,(anonymous_0)
FN:8,(anonymous_1)
FNF:2
FNH:0
FNDA:0,(anonymous_0)
FNDA:0,(anonymous_1)
DA:1,1
DA:2,1
DA:3,1
DA:5,1
DA:6,0
DA:9,0
DA:14,1
LF:7
LH:5
BRF:0
BRH:0
end_of_record
TN:
SF:src\hooks\contact\useGetContactById.ts
FN:5,(anonymous_0)
FN:8,(anonymous_1)
FNF:2
FNH:0
FNDA:0,(anonymous_0)
FNDA:0,(anonymous_1)
DA:1,1
DA:2,1
DA:3,1
DA:5,1
DA:6,0
DA:9,0
DA:14,1
LF:7
LH:5
BRF:0
BRH:0
end_of_record
TN:
SF:src\hooks\contact\useUpdateContact.ts
FN:9,(anonymous_0)
FN:13,(anonymous_1)
FN:22,(anonymous_2)
FN:25,(anonymous_3)
FNF:4
FNH:0
FNDA:0,(anonymous_0)
FNDA:0,(anonymous_1)
FNDA:0,(anonymous_2)
FNDA:0,(anonymous_3)
DA:1,1
DA:2,1
DA:3,1
DA:9,1
DA:10,0
DA:12,0
DA:20,0
DA:23,0
DA:26,0
DA:31,1
LF:10
LH:5
BRF:0
BRH:0
end_of_record
TN:
SF:src\hooks\followUp\useCreateFollowUps.ts
FN:6,(anonymous_0)
FN:10,(anonymous_1)
FN:13,(anonymous_2)
FN:16,(anonymous_3)
FNF:4
FNH:0
FNDA:0,(anonymous_0)
FNDA:0,(anonymous_1)
FNDA:0,(anonymous_2)
FNDA:0,(anonymous_3)
DA:1,1
DA:3,1
DA:4,1
DA:6,1
DA:7,0
DA:9,0
DA:11,0
DA:14,0
DA:17,0
LF:9
LH:4
BRF:0
BRH:0
end_of_record
TN:
SF:src\hooks\followUp\useGetFollowUps.ts
FN:5,(anonymous_0)
FN:8,(anonymous_1)
FNF:2
FNH:0
FNDA:0,(anonymous_0)
FNDA:0,(anonymous_1)
DA:1,1
DA:2,1
DA:3,1
DA:5,1
DA:6,0
DA:9,0
DA:14,1
LF:7
LH:5
BRF:0
BRH:0
end_of_record
TN:
SF:src\hooks\followUp\useUpdateFollowUp.ts
FN:9,(anonymous_0)
FN:13,(anonymous_1)
FN:22,(anonymous_2)
FN:25,(anonymous_3)
FNF:4
FNH:0
FNDA:0,(anonymous_0)
FNDA:0,(anonymous_1)
FNDA:0,(anonymous_2)
FNDA:0,(anonymous_3)
DA:1,1
DA:2,1
DA:3,1
DA:9,1
DA:10,0
DA:12,0
DA:20,0
DA:23,0
DA:26,0
DA:31,1
LF:10
LH:5
BRF:0
BRH:0
end_of_record
TN:
SF:src\hooks\opportunity\useCreateOpportunity.ts
FN:5,(anonymous_0)
FN:7,(anonymous_1)
FN:10,(anonymous_2)
FNF:3
FNH:0
FNDA:0,(anonymous_0)
FNDA:0,(anonymous_1)
FNDA:0,(anonymous_2)
DA:1,1
DA:2,1
DA:5,1
DA:6,0
DA:8,0
DA:11,0
LF:6
LH:3
BRF:0
BRH:0
end_of_record
TN:
SF:src\hooks\opportunity\useGetOpportunities.ts
FN:6,(anonymous_0)
FN:12,(anonymous_1)
FNF:2
FNH:0
FNDA:0,(anonymous_0)
FNDA:0,(anonymous_1)
DA:1,1
DA:2,1
DA:3,1
DA:4,1
DA:6,1
DA:10,0
DA:13,0
DA:19,1
LF:8
LH:6
BRDA:8,0,0,0
BRF:1
BRH:0
end_of_record
TN:
SF:src\hooks\opportunity\useGetOpportunitiesByClientId.ts
FN:5,(anonymous_0)
FN:8,(anonymous_1)
FNF:2
FNH:0
FNDA:0,(anonymous_0)
FNDA:0,(anonymous_1)
DA:1,1
DA:2,1
DA:3,1
DA:5,1
DA:6,0
DA:9,0
DA:14,1
LF:7
LH:5
BRF:0
BRH:0
end_of_record
TN:
SF:src\hooks\opportunity\useGetOpportunitiesComparison.ts
FN:5,(anonymous_0)
FN:8,(anonymous_1)
FNF:2
FNH:2
FNDA:7,(anonymous_0)
FNDA:5,(anonymous_1)
DA:1,1
DA:2,1
DA:3,1
DA:5,1
DA:6,7
DA:9,5
DA:14,1
LF:7
LH:7
BRF:0
BRH:0
end_of_record
TN:
SF:src\hooks\opportunity\useGetOpportunitiesOverview.ts
FN:6,(anonymous_0)
FN:9,(anonymous_1)
FNF:2
FNH:2
FNDA:14,(anonymous_0)
FNDA:10,(anonymous_1)
DA:1,1
DA:2,1
DA:3,1
DA:6,1
DA:7,14
DA:10,10
DA:15,1
LF:7
LH:7
BRF:0
BRH:0
end_of_record
TN:
SF:src\hooks\opportunity\useGetOpportunityById.ts
FN:6,(anonymous_0)
FN:9,(anonymous_1)
FNF:2
FNH:0
FNDA:0,(anonymous_0)
FNDA:0,(anonymous_1)
DA:1,1
DA:2,1
DA:3,1
DA:6,1
DA:7,0
DA:10,0
DA:16,1
LF:7
LH:5
BRF:0
BRH:0
end_of_record
TN:
SF:src\hooks\opportunity\useUpdateOpportunity.ts
FN:9,(anonymous_0)
FN:13,(anonymous_1)
FN:22,(anonymous_2)
FN:27,(anonymous_3)
FNF:4
FNH:0
FNDA:0,(anonymous_0)
FNDA:0,(anonymous_1)
FNDA:0,(anonymous_2)
FNDA:0,(anonymous_3)
DA:1,1
DA:2,1
DA:3,1
DA:9,1
DA:10,0
DA:12,0
DA:20,0
DA:23,0
DA:28,0
DA:33,1
LF:10
LH:5
BRF:0
BRH:0
end_of_record
TN:
SF:src\layout\BaseLayout.tsx
FN:12,(anonymous_1)
FN:17,(anonymous_2)
FN:18,(anonymous_3)
FNF:3
FNH:1
FNDA:5,(anonymous_1)
FNDA:0,(anonymous_2)
FNDA:0,(anonymous_3)
DA:1,1
DA:2,1
DA:3,1
DA:4,1
DA:5,1
DA:12,1
DA:13,5
DA:14,5
DA:15,5
DA:17,5
DA:18,0
DA:21,5
DA:61,1
LF:13
LH:12
BRDA:12,0,0,0
BRDA:50,1,0,0
BRDA:50,1,1,5
BRF:3
BRH:1
end_of_record
TN:
SF:src\pages\HomePage.tsx
FN:7,(anonymous_1)
FNF:1
FNH:1
FNDA:5,(anonymous_1)
DA:1,1
DA:2,1
DA:3,1
DA:4,1
DA:5,1
DA:7,1
DA:8,5
DA:37,1
LF:8
LH:8
BRF:0
BRH:0
end_of_record
TN:
SF:src\pages\client\ClientDetailsPage.tsx
FN:31,(anonymous_1)
FN:158,(anonymous_2)
FN:193,(anonymous_3)
FN:215,(anonymous_4)
FN:234,(anonymous_5)
FN:235,(anonymous_6)
FNF:6
FNH:0
FNDA:0,(anonymous_1)
FNDA:0,(anonymous_2)
FNDA:0,(anonymous_3)
FNDA:0,(anonymous_4)
FNDA:0,(anonymous_5)
FNDA:0,(anonymous_6)
DA:1,1
DA:17,1
DA:18,1
DA:19,1
DA:20,1
DA:21,1
DA:22,1
DA:23,1
DA:24,1
DA:25,1
DA:26,1
DA:27,1
DA:28,1
DA:29,1
DA:31,1
DA:32,0
DA:37,0
DA:38,0
DA:41,0
DA:42,0
DA:44,0
DA:45,0
DA:58,0
DA:60,0
DA:62,0
DA:159,0
DA:194,0
DA:216,0
DA:243,1
LF:29
LH:16
BRDA:44,0,0,0
BRDA:58,1,0,0
BRDA:60,2,0,0
BRDA:102,3,0,0
BRDA:102,3,1,0
BRDA:103,4,0,0
BRDA:103,4,1,0
BRDA:104,5,0,0
BRDA:104,5,1,0
BRDA:145,6,0,0
BRDA:145,6,1,0
BRDA:145,6,2,0
BRDA:173,7,0,0
BRDA:173,7,1,0
BRDA:173,7,2,0
BRDA:231,8,0,0
BRDA:231,8,1,0
BRF:17
BRH:0
end_of_record
TN:
SF:src\pages\client\ClientPage.tsx
FN:8,(anonymous_1)
FN:15,(anonymous_2)
FN:51,(anonymous_3)
FN:60,(anonymous_4)
FNF:4
FNH:0
FNDA:0,(anonymous_1)
FNDA:0,(anonymous_2)
FNDA:0,(anonymous_3)
FNDA:0,(anonymous_4)
DA:1,1
DA:2,1
DA:3,1
DA:4,1
DA:5,1
DA:6,1
DA:8,1
DA:9,0
DA:11,0
DA:13,0
DA:15,0
DA:16,0
DA:17,0
DA:20,0
DA:52,0
DA:60,0
DA:69,1
LF:17
LH:8
BRDA:17,0,0,0
BRDA:17,0,1,0
BRDA:57,1,0,0
BRDA:57,1,1,0
BRDA:61,2,0,0
BRDA:61,2,1,0
BRF:6
BRH:0
end_of_record
TN:
SF:src\pages\client\CreateClientPage.tsx
FN:28,(anonymous_1)
FN:51,(anonymous_2)
FN:66,(anonymous_3)
FN:101,(anonymous_4)
FN:223,(anonymous_5)
FN:233,(anonymous_6)
FN:251,(anonymous_7)
FN:269,(anonymous_8)
FN:285,(anonymous_9)
FN:302,(anonymous_10)
FN:315,(anonymous_11)
FNF:11
FNH:0
FNDA:0,(anonymous_1)
FNDA:0,(anonymous_2)
FNDA:0,(anonymous_3)
FNDA:0,(anonymous_4)
FNDA:0,(anonymous_5)
FNDA:0,(anonymous_6)
FNDA:0,(anonymous_7)
FNDA:0,(anonymous_8)
FNDA:0,(anonymous_9)
FNDA:0,(anonymous_10)
FNDA:0,(anonymous_11)
DA:1,1
DA:2,1
DA:8,1
DA:9,1
DA:18,1
DA:19,1
DA:20,1
DA:22,1
DA:28,1
DA:35,0
DA:36,0
DA:41,0
DA:42,0
DA:45,0
DA:46,0
DA:47,0
DA:51,0
DA:52,0
DA:53,0
DA:63,0
DA:65,0
DA:67,0
DA:75,0
DA:76,0
DA:77,0
DA:79,0
DA:91,0
DA:94,0
DA:95,0
DA:96,0
DA:101,0
DA:105,0
DA:106,0
DA:108,0
DA:111,0
DA:224,0
DA:234,0
DA:252,0
DA:270,0
DA:286,0
DA:302,0
DA:316,0
DA:361,1
LF:43
LH:10
BRDA:105,0,0,0
BRF:1
BRH:0
end_of_record
TN:
SF:src\pages\opportunity\CreateOpportunityPage.tsx
FN:28,(anonymous_1)
FN:41,(anonymous_2)
FN:98,(anonymous_3)
FN:140,(anonymous_4)
FN:181,(anonymous_5)
FN:232,(anonymous_6)
FN:265,(anonymous_7)
FN:267,(anonymous_8)
FN:274,(anonymous_9)
FN:276,(anonymous_10)
FNF:10
FNH:0
FNDA:0,(anonymous_1)
FNDA:0,(anonymous_2)
FNDA:0,(anonymous_3)
FNDA:0,(anonymous_4)
FNDA:0,(anonymous_5)
FNDA:0,(anonymous_6)
FNDA:0,(anonymous_7)
FNDA:0,(anonymous_8)
FNDA:0,(anonymous_9)
FNDA:0,(anonymous_10)
DA:1,1
DA:12,1
DA:13,1
DA:14,1
DA:15,1
DA:16,1
DA:18,1
DA:28,1
DA:34,0
DA:35,0
DA:36,0
DA:38,0
DA:39,0
DA:41,0
DA:42,0
DA:43,0
DA:47,0
DA:48,0
DA:50,0
DA:51,0
DA:55,0
DA:56,0
DA:65,0
DA:66,0
DA:69,0
DA:99,0
DA:141,0
DA:182,0
DA:183,0
DA:233,0
DA:265,0
DA:267,0
DA:274,0
DA:276,0
DA:285,1
LF:35
LH:9
BRDA:55,0,0,0
BRDA:65,1,0,0
BRF:2
BRH:0
end_of_record
TN:
SF:src\pages\opportunity\OpportunityDetailPage.tsx
FN:27,(anonymous_1)
FN:37,(anonymous_2)
FN:39,(anonymous_3)
FN:179,(anonymous_4)
FN:180,(anonymous_5)
FNF:5
FNH:0
FNDA:0,(anonymous_1)
FNDA:0,(anonymous_2)
FNDA:0,(anonymous_3)
FNDA:0,(anonymous_4)
FNDA:0,(anonymous_5)
DA:1,1
DA:11,1
DA:12,1
DA:13,1
DA:14,1
DA:15,1
DA:16,1
DA:17,1
DA:18,1
DA:22,1
DA:23,1
DA:24,1
DA:25,1
DA:27,1
DA:28,0
DA:33,0
DA:35,0
DA:37,0
DA:39,0
DA:41,0
DA:42,0
DA:58,0
DA:59,0
DA:66,0
DA:197,1
LF:25
LH:15
BRDA:41,0,0,0
BRDA:58,1,0,0
BRDA:58,2,0,0
BRDA:58,2,1,0
BRDA:101,3,0,0
BRDA:101,3,1,0
BRDA:103,4,0,0
BRDA:103,4,1,0
BRDA:104,5,0,0
BRDA:104,5,1,0
BRDA:185,6,0,0
BRDA:185,6,1,0
BRF:12
BRH:0
end_of_record
TN:
SF:src\pages\opportunity\OpportunityPage.tsx
FN:6,(anonymous_1)
FN:40,(anonymous_2)
FN:43,(anonymous_3)
FNF:3
FNH:0
FNDA:0,(anonymous_1)
FNDA:0,(anonymous_2)
FNDA:0,(anonymous_3)
DA:1,1
DA:2,1
DA:3,1
DA:4,1
DA:6,1
DA:7,0
DA:9,0
DA:41,0
DA:44,0
LF:9
LH:5
BRF:0
BRH:0
end_of_record
TN:
SF:src\services\api.ts
FN:27,(anonymous_0)
FN:35,(anonymous_1)
FN:60,(anonymous_2)
FNF:3
FNH:0
FNDA:0,(anonymous_0)
FNDA:0,(anonymous_1)
FNDA:0,(anonymous_2)
DA:1,1
DA:11,1
DA:14,1
DA:27,1
DA:33,0
DA:35,0
DA:40,0
DA:43,0
DA:47,0
DA:60,1
DA:75,0
DA:77,0
DA:83,0
DA:87,0
DA:95,0
DA:96,0
DA:99,0
DA:101,0
DA:103,0
LF:19
LH:5
BRDA:14,0,0,0
BRDA:14,0,1,1
BRDA:16,1,0,0
BRDA:16,1,1,1
BRDA:33,2,0,0
BRDA:33,2,1,0
BRDA:40,3,0,0
BRDA:43,4,0,0
BRDA:43,4,1,0
BRDA:75,5,0,0
BRDA:75,5,1,0
BRDA:90,6,0,0
BRDA:90,6,1,0
BRDA:92,7,0,0
BRDA:92,7,1,0
BRDA:95,8,0,0
BRF:16
BRH:2
end_of_record
TN:
SF:src\services\client.service.ts
FN:12,(anonymous_0)
FN:27,(anonymous_1)
FN:43,(anonymous_2)
FN:73,(anonymous_3)
FN:91,(anonymous_4)
FN:106,(anonymous_5)
FNF:6
FNH:0
FNDA:0,(anonymous_0)
FNDA:0,(anonymous_1)
FNDA:0,(anonymous_2)
FNDA:0,(anonymous_3)
FNDA:0,(anonymous_4)
FNDA:0,(anonymous_5)
DA:1,1
DA:3,1
DA:4,1
DA:12,1
DA:15,0
DA:18,0
DA:27,1
DA:30,0
DA:33,0
DA:43,1
DA:51,0
DA:58,0
DA:59,0
DA:61,0
DA:73,1
DA:76,0
DA:82,0
DA:91,1
DA:92,0
DA:96,0
DA:106,1
DA:110,0
DA:115,0
DA:117,0
LF:24
LH:9
BRDA:44,0,0,0
BRDA:45,1,0,0
BRDA:58,2,0,0
BRDA:58,2,1,0
BRDA:63,3,0,0
BRDA:63,3,1,0
BRDA:74,4,0,0
BRF:7
BRH:0
end_of_record
TN:
SF:src\services\contact.services.ts
FN:11,(anonymous_0)
FN:28,(anonymous_1)
FN:60,(anonymous_2)
FNF:3
FNH:0
FNDA:0,(anonymous_0)
FNDA:0,(anonymous_1)
FNDA:0,(anonymous_2)
DA:1,1
DA:3,1
DA:11,1
DA:14,0
DA:18,0
DA:28,1
DA:32,0
DA:34,0
DA:44,0
DA:49,0
DA:51,0
DA:60,1
DA:61,0
DA:65,0
LF:14
LH:5
BRDA:36,0,0,0
BRDA:36,0,1,0
BRDA:37,1,0,0
BRDA:37,1,1,0
BRDA:38,2,0,0
BRDA:38,2,1,0
BRDA:39,3,0,0
BRDA:39,3,1,0
BRDA:40,4,0,0
BRDA:40,4,1,0
BRF:10
BRH:0
end_of_record
TN:
SF:src\services\followUps.services.ts
FN:11,(anonymous_0)
FN:27,(anonymous_1)
FN:47,(anonymous_2)
FNF:3
FNH:0
FNDA:0,(anonymous_0)
FNDA:0,(anonymous_1)
FNDA:0,(anonymous_2)
DA:2,1
DA:3,1
DA:11,1
DA:14,0
DA:17,0
DA:27,1
DA:31,0
DA:36,0
DA:38,0
DA:47,1
DA:51,0
DA:57,0
LF:12
LH:5
BRDA:49,0,0,0
BRF:1
BRH:0
end_of_record
TN:
SF:src\services\opportunity.service.ts
FN:16,(anonymous_0)
FN:34,(anonymous_1)
FN:70,(anonymous_2)
FN:84,(anonymous_3)
FN:100,(anonymous_4)
FN:115,(anonymous_5)
FN:126,(anonymous_6)
FN:139,(anonymous_7)
FNF:8
FNH:0
FNDA:0,(anonymous_0)
FNDA:0,(anonymous_1)
FNDA:0,(anonymous_2)
FNDA:0,(anonymous_3)
FNDA:0,(anonymous_4)
FNDA:0,(anonymous_5)
FNDA:0,(anonymous_6)
FNDA:0,(anonymous_7)
DA:1,1
DA:2,1
DA:7,1
DA:8,1
DA:16,1
DA:19,0
DA:23,0
DA:34,1
DA:43,0
DA:51,0
DA:52,0
DA:54,0
DA:70,1
DA:74,0
DA:79,0
DA:81,0
DA:84,1
DA:87,0
DA:91,0
DA:100,1
DA:103,0
DA:106,0
DA:115,1
DA:118,0
DA:120,0
DA:125,0
DA:126,0
DA:131,0
DA:139,1
DA:142,0
DA:144,0
DA:149,0
DA:152,1
LF:33
LH:12
BRDA:35,0,0,0
BRDA:36,1,0,0
BRDA:37,2,0,0
BRDA:51,3,0,0
BRDA:51,3,1,0
BRDA:56,4,0,0
BRDA:56,4,1,0
BRDA:125,5,0,0
BRDA:128,6,0,0
BRDA:128,6,1,0
BRF:10
BRH:0
end_of_record
TN:
SF:src\types\api.types.ts
FN:7,(anonymous_0)
FN:22,(anonymous_1)
FNF:2
FNH:2
FNDA:1,(anonymous_0)
FNDA:1,(anonymous_1)
DA:7,1
DA:8,1
DA:9,1
DA:10,1
DA:11,1
DA:12,1
DA:22,1
DA:23,1
DA:25,1
DA:26,1
DA:27,1
DA:28,1
DA:30,1
DA:31,1
DA:32,1
DA:33,1
DA:35,1
DA:36,1
DA:37,1
DA:38,1
DA:39,1
DA:41,1
DA:42,1
DA:43,1
DA:44,1
DA:46,1
DA:47,1
DA:51,1
DA:81,1
LF:29
LH:29
BRDA:7,0,0,1
BRDA:7,0,1,1
BRDA:22,1,0,1
BRDA:22,1,1,1
BRF:4
BRH:4
end_of_record
TN:
SF:src\types\followUps.types.ts
FN:1,(anonymous_0)
FNF:1
FNH:1
FNDA:1,(anonymous_0)
DA:1,1
DA:2,1
DA:3,1
DA:4,1
LF:4
LH:4
BRDA:1,0,0,1
BRDA:1,0,1,1
BRF:2
BRH:2
end_of_record
TN:
SF:src\types\opportunity.types.ts
FN:1,(anonymous_0)
FN:18,(anonymous_1)
FNF:2
FNH:2
FNDA:1,(anonymous_0)
FNDA:1,(anonymous_1)
DA:1,1
DA:2,1
DA:3,1
DA:4,1
DA:5,1
DA:8,1
DA:18,1
DA:19,1
DA:20,1
DA:21,1
DA:22,1
DA:25,1
DA:44,1
LF:13
LH:13
BRDA:1,0,0,1
BRDA:1,0,1,1
BRDA:18,1,0,1
BRDA:18,1,1,1
BRF:4
BRH:4
end_of_record
TN:
SF:src\utils\const.ts
FNF:0
FNH:0
DA:1,1
DA:2,1
DA:3,1
LF:3
LH:3
BRF:0
BRH:0
end_of_record
TN:
SF:src\utils\dates.ts
FN:1,(anonymous_0)
FNF:1
FNH:0
FNDA:0,(anonymous_0)
DA:1,1
DA:2,0
DA:3,0
DA:4,0
DA:5,0
LF:5
LH:1
BRF:0
BRH:0
end_of_record
